{"D:\\Dev\\projects\\hwnix-bill\\src\\@core\\dashboard\\adapters\\GridStackAdapter.js": {"path":"D:\\Dev\\projects\\hwnix-bill\\src\\@core\\dashboard\\adapters\\GridStackAdapter.js","statementMap":{"0":{"start":{"line":9,"column":4},"end":{"line":9,"column":null}},"1":{"start":{"line":10,"column":4},"end":{"line":10,"column":null}},"2":{"start":{"line":11,"column":4},"end":{"line":21,"column":null}},"3":{"start":{"line":30,"column":4},"end":{"line":32,"column":null}},"4":{"start":{"line":31,"column":6},"end":{"line":31,"column":null}},"5":{"start":{"line":35,"column":4},"end":{"line":35,"column":null}},"6":{"start":{"line":38,"column":4},"end":{"line":49,"column":null}},"7":{"start":{"line":39,"column":6},"end":{"line":48,"column":null}},"8":{"start":{"line":40,"column":24},"end":{"line":46,"column":11}},"9":{"start":{"line":40,"column":43},"end":{"line":46,"column":9}},"10":{"start":{"line":47,"column":8},"end":{"line":47,"column":null}},"11":{"start":{"line":58,"column":4},"end":{"line":58,"column":null}},"12":{"start":{"line":58,"column":20},"end":{"line":58,"column":null}},"13":{"start":{"line":59,"column":4},"end":{"line":59,"column":null}},"14":{"start":{"line":66,"column":4},"end":{"line":66,"column":null}},"15":{"start":{"line":66,"column":20},"end":{"line":66,"column":null}},"16":{"start":{"line":67,"column":4},"end":{"line":67,"column":null}},"17":{"start":{"line":68,"column":4},"end":{"line":68,"column":null}},"18":{"start":{"line":75,"column":4},"end":{"line":75,"column":null}},"19":{"start":{"line":75,"column":20},"end":{"line":75,"column":null}},"20":{"start":{"line":77,"column":18},"end":{"line":77,"column":42}},"21":{"start":{"line":78,"column":4},"end":{"line":87,"column":null}},"22":{"start":{"line":79,"column":19},"end":{"line":79,"column":35}},"23":{"start":{"line":80,"column":6},"end":{"line":86,"column":null}},"24":{"start":{"line":94,"column":4},"end":{"line":97,"column":null}},"25":{"start":{"line":95,"column":6},"end":{"line":95,"column":31}},"26":{"start":{"line":96,"column":6},"end":{"line":96,"column":null}}},"fnMap":{"0":{"name":"constructor","decl":{"start":{"line":8,"column":2},"end":{"line":8,"column":13}},"loc":{"start":{"line":8,"column":46},"end":{"line":22,"column":null}},"line":8},"1":{"name":"build","decl":{"start":{"line":29,"column":2},"end":{"line":29,"column":7}},"loc":{"start":{"line":29,"column":43},"end":{"line":50,"column":null}},"line":29},"2":{"name":"(anonymous_2)","decl":{"start":{"line":38,"column":27},"end":{"line":38,"column":28}},"loc":{"start":{"line":38,"column":45},"end":{"line":49,"column":5}},"line":38},"3":{"name":"(anonymous_3)","decl":{"start":{"line":40,"column":34},"end":{"line":40,"column":38}},"loc":{"start":{"line":40,"column":43},"end":{"line":46,"column":9}},"line":40},"4":{"name":"setStatic","decl":{"start":{"line":57,"column":2},"end":{"line":57,"column":11}},"loc":{"start":{"line":57,"column":22},"end":{"line":60,"column":null}},"line":57},"5":{"name":"enableDragAndDrop","decl":{"start":{"line":65,"column":2},"end":{"line":65,"column":19}},"loc":{"start":{"line":65,"column":28},"end":{"line":69,"column":null}},"line":65},"6":{"name":"serialize","decl":{"start":{"line":74,"column":2},"end":{"line":74,"column":11}},"loc":{"start":{"line":74,"column":14},"end":{"line":88,"column":null}},"line":74},"7":{"name":"(anonymous_7)","decl":{"start":{"line":78,"column":21},"end":{"line":78,"column":23}},"loc":{"start":{"line":78,"column":27},"end":{"line":87,"column":5}},"line":78},"8":{"name":"destroy","decl":{"start":{"line":93,"column":2},"end":{"line":93,"column":9}},"loc":{"start":{"line":93,"column":12},"end":{"line":98,"column":null}},"line":93}},"branchMap":{"0":{"loc":{"start":{"line":8,"column":32},"end":{"line":8,"column":44}},"type":"default-arg","locations":[{"start":{"line":8,"column":42},"end":{"line":8,"column":44}}],"line":8},"1":{"loc":{"start":{"line":30,"column":4},"end":{"line":32,"column":null}},"type":"if","locations":[{"start":{"line":30,"column":4},"end":{"line":32,"column":null}},{"start":{},"end":{}}],"line":30},"2":{"loc":{"start":{"line":39,"column":6},"end":{"line":48,"column":null}},"type":"if","locations":[{"start":{"line":39,"column":6},"end":{"line":48,"column":null}},{"start":{},"end":{}}],"line":39},"3":{"loc":{"start":{"line":39,"column":10},"end":{"line":39,"column":35}},"type":"binary-expr","locations":[{"start":{"line":39,"column":10},"end":{"line":39,"column":26}},{"start":{"line":39,"column":30},"end":{"line":39,"column":35}}],"line":39},"4":{"loc":{"start":{"line":58,"column":4},"end":{"line":58,"column":null}},"type":"if","locations":[{"start":{"line":58,"column":4},"end":{"line":58,"column":null}},{"start":{},"end":{}}],"line":58},"5":{"loc":{"start":{"line":66,"column":4},"end":{"line":66,"column":null}},"type":"if","locations":[{"start":{"line":66,"column":4},"end":{"line":66,"column":null}},{"start":{},"end":{}}],"line":66},"6":{"loc":{"start":{"line":75,"column":4},"end":{"line":75,"column":null}},"type":"if","locations":[{"start":{"line":75,"column":4},"end":{"line":75,"column":null}},{"start":{},"end":{}}],"line":75},"7":{"loc":{"start":{"line":94,"column":4},"end":{"line":97,"column":null}},"type":"if","locations":[{"start":{"line":94,"column":4},"end":{"line":97,"column":null}},{"start":{},"end":{}}],"line":94}},"s":{"0":11,"1":11,"2":11,"3":75,"4":64,"5":75,"6":75,"7":0,"8":0,"9":0,"10":0,"11":20,"12":0,"13":20,"14":20,"15":0,"16":20,"17":20,"18":0,"19":0,"20":0,"21":0,"22":0,"23":0,"24":64,"25":64,"26":64},"f":{"0":11,"1":75,"2":0,"3":0,"4":20,"5":20,"6":0,"7":0,"8":64},"b":{"0":[11],"1":[64,11],"2":[0,0],"3":[0,0],"4":[0,20],"5":[0,20],"6":[0,0],"7":[64,0]},"meta":{"lastBranch":8,"lastFunction":9,"lastStatement":27,"seen":{"f:8:2:8:13":0,"b:8:42:8:44":0,"s:9:4:9:Infinity":0,"s:10:4:10:Infinity":1,"s:11:4:21:Infinity":2,"f:29:2:29:7":1,"b:30:4:32:Infinity:undefined:undefined:undefined:undefined":1,"s:30:4:32:Infinity":3,"s:31:6:31:Infinity":4,"s:35:4:35:Infinity":5,"s:38:4:49:Infinity":6,"f:38:27:38:28":2,"b:39:6:48:Infinity:undefined:undefined:undefined:undefined":2,"s:39:6:48:Infinity":7,"b:39:10:39:26:39:30:39:35":3,"s:40:24:46:11":8,"f:40:34:40:38":3,"s:40:43:46:9":9,"s:47:8:47:Infinity":10,"f:57:2:57:11":4,"b:58:4:58:Infinity:undefined:undefined:undefined:undefined":4,"s:58:4:58:Infinity":11,"s:58:20:58:Infinity":12,"s:59:4:59:Infinity":13,"f:65:2:65:19":5,"b:66:4:66:Infinity:undefined:undefined:undefined:undefined":5,"s:66:4:66:Infinity":14,"s:66:20:66:Infinity":15,"s:67:4:67:Infinity":16,"s:68:4:68:Infinity":17,"f:74:2:74:11":6,"b:75:4:75:Infinity:undefined:undefined:undefined:undefined":6,"s:75:4:75:Infinity":18,"s:75:20:75:Infinity":19,"s:77:18:77:42":20,"s:78:4:87:Infinity":21,"f:78:21:78:23":7,"s:79:19:79:35":22,"s:80:6:86:Infinity":23,"f:93:2:93:9":8,"b:94:4:97:Infinity:undefined:undefined:undefined:undefined":7,"s:94:4:97:Infinity":24,"s:95:6:95:31":25,"s:96:6:96:Infinity":26},"fnNames":{}}}
,"D:\\Dev\\projects\\hwnix-bill\\src\\@core\\dashboard\\adapters\\LayoutAdapter.js": {"path":"D:\\Dev\\projects\\hwnix-bill\\src\\@core\\dashboard\\adapters\\LayoutAdapter.js","statementMap":{"0":{"start":{"line":8,"column":4},"end":{"line":8,"column":null}},"1":{"start":{"line":17,"column":4},"end":{"line":17,"column":null}},"2":{"start":{"line":24,"column":4},"end":{"line":24,"column":null}},"3":{"start":{"line":25,"column":4},"end":{"line":25,"column":null}},"4":{"start":{"line":32,"column":4},"end":{"line":32,"column":null}},"5":{"start":{"line":33,"column":4},"end":{"line":33,"column":null}},"6":{"start":{"line":40,"column":4},"end":{"line":40,"column":null}},"7":{"start":{"line":47,"column":4},"end":{"line":47,"column":null}}},"fnMap":{"0":{"name":"constructor","decl":{"start":{"line":7,"column":2},"end":{"line":7,"column":13}},"loc":{"start":{"line":7,"column":46},"end":{"line":9,"column":null}},"line":7},"1":{"name":"initGrid","decl":{"start":{"line":16,"column":2},"end":{"line":16,"column":10}},"loc":{"start":{"line":16,"column":46},"end":{"line":18,"column":null}},"line":16},"2":{"name":"enableDesignMode","decl":{"start":{"line":23,"column":2},"end":{"line":23,"column":18}},"loc":{"start":{"line":23,"column":21},"end":{"line":26,"column":null}},"line":23},"3":{"name":"disableDesignMode","decl":{"start":{"line":31,"column":2},"end":{"line":31,"column":19}},"loc":{"start":{"line":31,"column":22},"end":{"line":34,"column":null}},"line":31},"4":{"name":"getSerializedLayout","decl":{"start":{"line":39,"column":2},"end":{"line":39,"column":21}},"loc":{"start":{"line":39,"column":24},"end":{"line":41,"column":null}},"line":39},"5":{"name":"destroyGrid","decl":{"start":{"line":46,"column":2},"end":{"line":46,"column":13}},"loc":{"start":{"line":46,"column":16},"end":{"line":48,"column":null}},"line":46}},"branchMap":{"0":{"loc":{"start":{"line":7,"column":32},"end":{"line":7,"column":44}},"type":"default-arg","locations":[{"start":{"line":7,"column":42},"end":{"line":7,"column":44}}],"line":7}},"s":{"0":11,"1":75,"2":8,"3":8,"4":12,"5":12,"6":0,"7":0},"f":{"0":11,"1":75,"2":8,"3":12,"4":0,"5":0},"b":{"0":[11]},"meta":{"lastBranch":1,"lastFunction":6,"lastStatement":8,"seen":{"f:7:2:7:13":0,"b:7:42:7:44":0,"s:8:4:8:Infinity":0,"f:16:2:16:10":1,"s:17:4:17:Infinity":1,"f:23:2:23:18":2,"s:24:4:24:Infinity":2,"s:25:4:25:Infinity":3,"f:31:2:31:19":3,"s:32:4:32:Infinity":4,"s:33:4:33:Infinity":5,"f:39:2:39:21":4,"s:40:4:40:Infinity":6,"f:46:2:46:13":5,"s:47:4:47:Infinity":7},"fnNames":{}}}
,"D:\\Dev\\projects\\hwnix-bill\\src\\@core\\dashboard\\components\\DashboardContainer.vue": {"path":"D:\\Dev\\projects\\hwnix-bill\\src\\@core\\dashboard\\components\\DashboardContainer.vue","statementMap":{"0":{"start":{"line":235,"column":15},"end":{"line":237,"column":null}},"1":{"start":{"line":83,"column":14},"end":{"line":83,"column":null}},"2":{"start":{"line":94,"column":13},"end":{"line":94,"column":43}},"3":{"start":{"line":95,"column":23},"end":{"line":95,"column":42}},"4":{"start":{"line":97,"column":22},"end":{"line":97,"column":31}},"5":{"start":{"line":98,"column":20},"end":{"line":98,"column":24}},"6":{"start":{"line":101,"column":30},"end":{"line":106,"column":2}},"7":{"start":{"line":102,"column":2},"end":{"line":105,"column":null}},"8":{"start":{"line":103,"column":16},"end":{"line":103,"column":49}},"9":{"start":{"line":104,"column":4},"end":{"line":104,"column":50}},"10":{"start":{"line":109,"column":28},"end":{"line":109,"column":35}},"11":{"start":{"line":111,"column":27},"end":{"line":114,"column":1}},"12":{"start":{"line":112,"column":14},"end":{"line":112,"column":42}},"13":{"start":{"line":113,"column":2},"end":{"line":113,"column":null}},"14":{"start":{"line":116,"column":23},"end":{"line":119,"column":1}},"15":{"start":{"line":117,"column":14},"end":{"line":117,"column":42}},"16":{"start":{"line":118,"column":2},"end":{"line":118,"column":null}},"17":{"start":{"line":122,"column":24},"end":{"line":154,"column":1}},"18":{"start":{"line":123,"column":2},"end":{"line":123,"column":null}},"19":{"start":{"line":123,"column":28},"end":{"line":123,"column":null}},"20":{"start":{"line":125,"column":2},"end":{"line":130,"column":null}},"21":{"start":{"line":133,"column":2},"end":{"line":146,"column":null}},"22":{"start":{"line":134,"column":4},"end":{"line":142,"column":null}},"23":{"start":{"line":135,"column":19},"end":{"line":135,"column":70}},"24":{"start":{"line":135,"column":51},"end":{"line":135,"column":69}},"25":{"start":{"line":136,"column":6},"end":{"line":141,"column":null}},"26":{"start":{"line":137,"column":8},"end":{"line":137,"column":null}},"27":{"start":{"line":138,"column":8},"end":{"line":138,"column":null}},"28":{"start":{"line":139,"column":8},"end":{"line":139,"column":null}},"29":{"start":{"line":140,"column":8},"end":{"line":140,"column":null}},"30":{"start":{"line":145,"column":4},"end":{"line":145,"column":null}},"31":{"start":{"line":149,"column":2},"end":{"line":153,"column":null}},"32":{"start":{"line":150,"column":4},"end":{"line":150,"column":null}},"33":{"start":{"line":152,"column":4},"end":{"line":152,"column":null}},"34":{"start":{"line":157,"column":19},"end":{"line":165,"column":1}},"35":{"start":{"line":158,"column":2},"end":{"line":158,"column":null}},"36":{"start":{"line":159,"column":2},"end":{"line":164,"column":null}},"37":{"start":{"line":160,"column":4},"end":{"line":163,"column":null}},"38":{"start":{"line":161,"column":6},"end":{"line":161,"column":null}},"39":{"start":{"line":162,"column":6},"end":{"line":162,"column":null}},"40":{"start":{"line":168,"column":29},"end":{"line":179,"column":1}},"41":{"start":{"line":169,"column":2},"end":{"line":178,"column":null}},"42":{"start":{"line":170,"column":4},"end":{"line":170,"column":null}},"43":{"start":{"line":170,"column":95},"end":{"line":170,"column":115}},"44":{"start":{"line":171,"column":4},"end":{"line":171,"column":null}},"45":{"start":{"line":172,"column":4},"end":{"line":177,"column":null}},"46":{"start":{"line":173,"column":6},"end":{"line":176,"column":null}},"47":{"start":{"line":174,"column":8},"end":{"line":174,"column":null}},"48":{"start":{"line":175,"column":8},"end":{"line":175,"column":null}},"49":{"start":{"line":182,"column":26},"end":{"line":184,"column":1}},"50":{"start":{"line":183,"column":2},"end":{"line":183,"column":null}},"51":{"start":{"line":186,"column":23},"end":{"line":188,"column":1}},"52":{"start":{"line":191,"column":0},"end":{"line":198,"column":null}},"53":{"start":{"line":191,"column":12},"end":{"line":191,"column":28}},"54":{"start":{"line":192,"column":2},"end":{"line":192,"column":null}},"55":{"start":{"line":192,"column":22},"end":{"line":192,"column":null}},"56":{"start":{"line":193,"column":2},"end":{"line":197,"column":null}},"57":{"start":{"line":194,"column":4},"end":{"line":194,"column":null}},"58":{"start":{"line":196,"column":4},"end":{"line":196,"column":null}},"59":{"start":{"line":201,"column":0},"end":{"line":211,"column":null}},"60":{"start":{"line":201,"column":12},"end":{"line":201,"column":39}},"61":{"start":{"line":202,"column":2},"end":{"line":210,"column":null}},"62":{"start":{"line":203,"column":4},"end":{"line":209,"column":null}},"63":{"start":{"line":204,"column":6},"end":{"line":204,"column":null}},"64":{"start":{"line":206,"column":6},"end":{"line":208,"column":null}},"65":{"start":{"line":207,"column":8},"end":{"line":207,"column":null}},"66":{"start":{"line":213,"column":0},"end":{"line":221,"column":null}},"67":{"start":{"line":214,"column":2},"end":{"line":220,"column":null}},"68":{"start":{"line":215,"column":4},"end":{"line":215,"column":null}},"69":{"start":{"line":217,"column":4},"end":{"line":219,"column":null}},"70":{"start":{"line":218,"column":6},"end":{"line":218,"column":null}},"71":{"start":{"line":223,"column":0},"end":{"line":228,"column":null}},"72":{"start":{"line":224,"column":2},"end":{"line":227,"column":null}},"73":{"start":{"line":225,"column":4},"end":{"line":225,"column":null}},"74":{"start":{"line":226,"column":4},"end":{"line":226,"column":null}},"75":{"start":{"line":2,"column":7},"end":{"line":2,"column":null}},"76":{"start":{"line":1,"column":0},"end":{"line":1,"column":null}},"77":{"start":{"line":20,"column":13},"end":{"line":20,"column":null}},"78":{"start":{"line":26,"column":19},"end":{"line":26,"column":null}},"79":{"start":{"line":28,"column":22},"end":{"line":28,"column":90}},"80":{"start":{"line":30,"column":19},"end":{"line":30,"column":null}},"81":{"start":{"line":2,"column":2},"end":{"line":1,"column":null}},"82":{"start":{"line":5,"column":6},"end":{"line":1,"column":null}},"83":{"start":{"line":22,"column":33},"end":{"line":22,"column":null}},"84":{"start":{"line":24,"column":63},"end":{"line":1,"column":null}},"85":{"start":{"line":37,"column":26},"end":{"line":37,"column":null}},"86":{"start":{"line":39,"column":61},"end":{"line":1,"column":null}},"87":{"start":{"line":40,"column":116},"end":{"line":40,"column":128}},"88":{"start":{"line":48,"column":26},"end":{"line":48,"column":null}},"89":{"start":{"line":50,"column":64},"end":{"line":1,"column":null}},"90":{"start":{"line":51,"column":148},"end":{"line":51,"column":160}},"91":{"start":{"line":67,"column":23},"end":{"line":67,"column":null}}},"fnMap":{"0":{"name":"(anonymous_0)","decl":{"start":{"line":101,"column":39},"end":{"line":101,"column":40}},"loc":{"start":{"line":101,"column":45},"end":{"line":106,"column":1}},"line":101},"1":{"name":"(anonymous_1)","decl":{"start":{"line":102,"column":38},"end":{"line":102,"column":42}},"loc":{"start":{"line":102,"column":46},"end":{"line":105,"column":3}},"line":102},"2":{"name":"(anonymous_2)","decl":{"start":{"line":111,"column":27},"end":{"line":111,"column":28}},"loc":{"start":{"line":111,"column":41},"end":{"line":114,"column":1}},"line":111},"3":{"name":"(anonymous_3)","decl":{"start":{"line":116,"column":23},"end":{"line":116,"column":24}},"loc":{"start":{"line":116,"column":37},"end":{"line":119,"column":1}},"line":116},"4":{"name":"(anonymous_4)","decl":{"start":{"line":122,"column":24},"end":{"line":122,"column":25}},"loc":{"start":{"line":122,"column":30},"end":{"line":154,"column":1}},"line":122},"5":{"name":"(anonymous_5)","decl":{"start":{"line":133,"column":54},"end":{"line":133,"column":55}},"loc":{"start":{"line":133,"column":67},"end":{"line":146,"column":3}},"line":133},"6":{"name":"(anonymous_6)","decl":{"start":{"line":134,"column":20},"end":{"line":134,"column":26}},"loc":{"start":{"line":134,"column":30},"end":{"line":142,"column":5}},"line":134},"7":{"name":"(anonymous_7)","decl":{"start":{"line":135,"column":46},"end":{"line":135,"column":47}},"loc":{"start":{"line":135,"column":51},"end":{"line":135,"column":69}},"line":135},"8":{"name":"(anonymous_8)","decl":{"start":{"line":157,"column":19},"end":{"line":157,"column":20}},"loc":{"start":{"line":157,"column":35},"end":{"line":165,"column":1}},"line":157},"9":{"name":"(anonymous_9)","decl":{"start":{"line":159,"column":11},"end":{"line":159,"column":12}},"loc":{"start":{"line":159,"column":17},"end":{"line":164,"column":3}},"line":159},"10":{"name":"(anonymous_10)","decl":{"start":{"line":168,"column":29},"end":{"line":168,"column":30}},"loc":{"start":{"line":168,"column":45},"end":{"line":179,"column":1}},"line":168},"11":{"name":"(anonymous_11)","decl":{"start":{"line":170,"column":89},"end":{"line":170,"column":91}},"loc":{"start":{"line":170,"column":95},"end":{"line":170,"column":115}},"line":170},"12":{"name":"(anonymous_12)","decl":{"start":{"line":172,"column":13},"end":{"line":172,"column":14}},"loc":{"start":{"line":172,"column":19},"end":{"line":177,"column":5}},"line":172},"13":{"name":"(anonymous_13)","decl":{"start":{"line":182,"column":26},"end":{"line":182,"column":27}},"loc":{"start":{"line":182,"column":54},"end":{"line":184,"column":1}},"line":182},"14":{"name":"(anonymous_14)","decl":{"start":{"line":186,"column":23},"end":{"line":186,"column":24}},"loc":{"start":{"line":186,"column":48},"end":{"line":188,"column":1}},"line":186},"15":{"name":"(anonymous_15)","decl":{"start":{"line":191,"column":6},"end":{"line":191,"column":7}},"loc":{"start":{"line":191,"column":12},"end":{"line":191,"column":28}},"line":191},"16":{"name":"(anonymous_16)","decl":{"start":{"line":191,"column":30},"end":{"line":191,"column":31}},"loc":{"start":{"line":191,"column":42},"end":{"line":198,"column":1}},"line":191},"17":{"name":"(anonymous_17)","decl":{"start":{"line":201,"column":6},"end":{"line":201,"column":7}},"loc":{"start":{"line":201,"column":12},"end":{"line":201,"column":39}},"line":201},"18":{"name":"(anonymous_18)","decl":{"start":{"line":201,"column":41},"end":{"line":201,"column":42}},"loc":{"start":{"line":201,"column":47},"end":{"line":211,"column":1}},"line":201},"19":{"name":"(anonymous_19)","decl":{"start":{"line":202,"column":11},"end":{"line":202,"column":12}},"loc":{"start":{"line":202,"column":17},"end":{"line":210,"column":3}},"line":202},"20":{"name":"(anonymous_20)","decl":{"start":{"line":204,"column":58},"end":{"line":204,"column":59}},"loc":{"start":{"line":204,"column":64},"end":{"line":204,"column":66}},"line":204},"21":{"name":"(anonymous_21)","decl":{"start":{"line":213,"column":10},"end":{"line":213,"column":11}},"loc":{"start":{"line":213,"column":16},"end":{"line":221,"column":1}},"line":213},"22":{"name":"(anonymous_22)","decl":{"start":{"line":214,"column":11},"end":{"line":214,"column":12}},"loc":{"start":{"line":214,"column":17},"end":{"line":220,"column":3}},"line":214},"23":{"name":"(anonymous_23)","decl":{"start":{"line":217,"column":40},"end":{"line":217,"column":44}},"loc":{"start":{"line":217,"column":48},"end":{"line":219,"column":5}},"line":217},"24":{"name":"(anonymous_24)","decl":{"start":{"line":223,"column":16},"end":{"line":223,"column":17}},"loc":{"start":{"line":223,"column":22},"end":{"line":228,"column":1}},"line":223},"25":{"name":"(anonymous_25)","decl":{"start":{"line":1,"column":0},"end":{"line":1,"column":null}},"loc":{"start":{"line":6,"column":19},"end":{"line":1,"column":null}},"line":6},"26":{"name":"(anonymous_26)","decl":{"start":{"line":22,"column":31},"end":{"line":22,"column":33}},"loc":{"start":{"line":22,"column":33},"end":{"line":22,"column":null}},"line":22},"27":{"name":"(anonymous_27)","decl":{"start":{"line":24,"column":12},"end":{"line":24,"column":63}},"loc":{"start":{"line":24,"column":63},"end":{"line":1,"column":null}},"line":24},"28":{"name":"(anonymous_28)","decl":{"start":{"line":37,"column":24},"end":{"line":37,"column":26}},"loc":{"start":{"line":37,"column":26},"end":{"line":37,"column":null}},"line":37},"29":{"name":"(anonymous_29)","decl":{"start":{"line":39,"column":18},"end":{"line":39,"column":26}},"loc":{"start":{"line":39,"column":61},"end":{"line":1,"column":null}},"line":39},"30":{"name":"(anonymous_30)","decl":{"start":{"line":40,"column":63},"end":{"line":40,"column":116}},"loc":{"start":{"line":40,"column":116},"end":{"line":40,"column":128}},"line":40},"31":{"name":"(anonymous_31)","decl":{"start":{"line":48,"column":24},"end":{"line":48,"column":26}},"loc":{"start":{"line":48,"column":26},"end":{"line":48,"column":null}},"line":48},"32":{"name":"(anonymous_32)","decl":{"start":{"line":50,"column":18},"end":{"line":50,"column":26}},"loc":{"start":{"line":50,"column":64},"end":{"line":1,"column":null}},"line":50},"33":{"name":"(anonymous_33)","decl":{"start":{"line":51,"column":63},"end":{"line":51,"column":148}},"loc":{"start":{"line":51,"column":148},"end":{"line":51,"column":160}},"line":51},"34":{"name":"(anonymous_34)","decl":{"start":{"line":67,"column":21},"end":{"line":67,"column":23}},"loc":{"start":{"line":67,"column":23},"end":{"line":67,"column":null}},"line":67}},"branchMap":{"0":{"loc":{"start":{"line":104,"column":11},"end":{"line":104,"column":49}},"type":"binary-expr","locations":[{"start":{"line":104,"column":11},"end":{"line":104,"column":23}},{"start":{"line":104,"column":27},"end":{"line":104,"column":49}}],"line":104},"1":{"loc":{"start":{"line":113,"column":9},"end":{"line":113,"column":35}},"type":"cond-expr","locations":[{"start":{"line":113,"column":15},"end":{"line":113,"column":28}},{"start":{"line":113,"column":31},"end":{"line":113,"column":35}}],"line":113},"2":{"loc":{"start":{"line":118,"column":9},"end":{"line":118,"column":56}},"type":"cond-expr","locations":[{"start":{"line":118,"column":15},"end":{"line":118,"column":45}},{"start":{"line":118,"column":48},"end":{"line":118,"column":56}}],"line":118},"3":{"loc":{"start":{"line":118,"column":15},"end":{"line":118,"column":45}},"type":"binary-expr","locations":[{"start":{"line":118,"column":15},"end":{"line":118,"column":33}},{"start":{"line":118,"column":37},"end":{"line":118,"column":45}}],"line":118},"4":{"loc":{"start":{"line":123,"column":2},"end":{"line":123,"column":null}},"type":"if","locations":[{"start":{"line":123,"column":2},"end":{"line":123,"column":null}},{"start":{},"end":{}}],"line":123},"5":{"loc":{"start":{"line":136,"column":6},"end":{"line":141,"column":null}},"type":"if","locations":[{"start":{"line":136,"column":6},"end":{"line":141,"column":null}},{"start":{},"end":{}}],"line":136},"6":{"loc":{"start":{"line":149,"column":2},"end":{"line":153,"column":null}},"type":"if","locations":[{"start":{"line":149,"column":2},"end":{"line":153,"column":null}},{"start":{"line":151,"column":9},"end":{"line":153,"column":null}}],"line":149},"7":{"loc":{"start":{"line":160,"column":4},"end":{"line":163,"column":null}},"type":"if","locations":[{"start":{"line":160,"column":4},"end":{"line":163,"column":null}},{"start":{},"end":{}}],"line":160},"8":{"loc":{"start":{"line":160,"column":8},"end":{"line":160,"column":76}},"type":"binary-expr","locations":[{"start":{"line":160,"column":8},"end":{"line":160,"column":21}},{"start":{"line":160,"column":25},"end":{"line":160,"column":46}},{"start":{"line":160,"column":50},"end":{"line":160,"column":76}}],"line":160},"9":{"loc":{"start":{"line":169,"column":2},"end":{"line":178,"column":null}},"type":"if","locations":[{"start":{"line":169,"column":2},"end":{"line":178,"column":null}},{"start":{},"end":{}}],"line":169},"10":{"loc":{"start":{"line":169,"column":6},"end":{"line":169,"column":68}},"type":"binary-expr","locations":[{"start":{"line":169,"column":6},"end":{"line":169,"column":27}},{"start":{"line":169,"column":31},"end":{"line":169,"column":68}}],"line":169},"11":{"loc":{"start":{"line":173,"column":6},"end":{"line":176,"column":null}},"type":"if","locations":[{"start":{"line":173,"column":6},"end":{"line":176,"column":null}},{"start":{},"end":{}}],"line":173},"12":{"loc":{"start":{"line":173,"column":10},"end":{"line":173,"column":78}},"type":"binary-expr","locations":[{"start":{"line":173,"column":10},"end":{"line":173,"column":23}},{"start":{"line":173,"column":27},"end":{"line":173,"column":48}},{"start":{"line":173,"column":52},"end":{"line":173,"column":78}}],"line":173},"13":{"loc":{"start":{"line":192,"column":2},"end":{"line":192,"column":null}},"type":"if","locations":[{"start":{"line":192,"column":2},"end":{"line":192,"column":null}},{"start":{},"end":{}}],"line":192},"14":{"loc":{"start":{"line":193,"column":2},"end":{"line":197,"column":null}},"type":"if","locations":[{"start":{"line":193,"column":2},"end":{"line":197,"column":null}},{"start":{"line":195,"column":9},"end":{"line":197,"column":null}}],"line":193},"15":{"loc":{"start":{"line":203,"column":4},"end":{"line":209,"column":null}},"type":"if","locations":[{"start":{"line":203,"column":4},"end":{"line":209,"column":null}},{"start":{},"end":{}}],"line":203},"16":{"loc":{"start":{"line":206,"column":6},"end":{"line":208,"column":null}},"type":"if","locations":[{"start":{"line":206,"column":6},"end":{"line":208,"column":null}},{"start":{},"end":{}}],"line":206},"17":{"loc":{"start":{"line":206,"column":10},"end":{"line":206,"column":61}},"type":"binary-expr","locations":[{"start":{"line":206,"column":10},"end":{"line":206,"column":31}},{"start":{"line":206,"column":35},"end":{"line":206,"column":61}}],"line":206},"18":{"loc":{"start":{"line":224,"column":2},"end":{"line":227,"column":null}},"type":"if","locations":[{"start":{"line":224,"column":2},"end":{"line":227,"column":null}},{"start":{},"end":{}}],"line":224},"19":{"loc":{"start":{"line":14,"column":19},"end":{"line":14,"column":null}},"type":"binary-expr","locations":[{"start":{"line":14,"column":19},"end":{"line":14,"column":28}},{"start":{"line":14,"column":28},"end":{"line":14,"column":null}}],"line":14},"20":{"loc":{"start":{"line":15,"column":19},"end":{"line":15,"column":null}},"type":"binary-expr","locations":[{"start":{"line":15,"column":19},"end":{"line":15,"column":28}},{"start":{"line":15,"column":28},"end":{"line":15,"column":null}}],"line":15},"21":{"loc":{"start":{"line":16,"column":19},"end":{"line":16,"column":null}},"type":"binary-expr","locations":[{"start":{"line":16,"column":19},"end":{"line":16,"column":28}},{"start":{"line":16,"column":28},"end":{"line":16,"column":null}}],"line":16},"22":{"loc":{"start":{"line":17,"column":19},"end":{"line":17,"column":null}},"type":"binary-expr","locations":[{"start":{"line":17,"column":19},"end":{"line":17,"column":28}},{"start":{"line":17,"column":28},"end":{"line":17,"column":null}}],"line":17},"23":{"loc":{"start":{"line":25,"column":23},"end":{"line":1,"column":null}},"type":"cond-expr","locations":[{"start":{"line":25,"column":12},"end":{"line":1,"column":null}},{"start":{"line":1,"column":0},"end":{"line":1,"column":null}}],"line":25},"24":{"loc":{"start":{"line":40,"column":116},"end":{"line":40,"column":128}},"type":"binary-expr","locations":[{"start":{"line":40,"column":116},"end":{"line":40,"column":128}},{"start":{"line":40,"column":116},"end":{"line":40,"column":128}}],"line":40},"25":{"loc":{"start":{"line":51,"column":148},"end":{"line":51,"column":160}},"type":"binary-expr","locations":[{"start":{"line":51,"column":148},"end":{"line":51,"column":160}},{"start":{"line":51,"column":148},"end":{"line":51,"column":160}}],"line":51},"26":{"loc":{"start":{"line":63,"column":20},"end":{"line":1,"column":null}},"type":"cond-expr","locations":[{"start":{"line":61,"column":12},"end":{"line":67,"column":null}},{"start":{"line":1,"column":0},"end":{"line":1,"column":null}}],"line":63},"27":{"loc":{"start":{"line":63,"column":20},"end":{"line":63,"column":null}},"type":"binary-expr","locations":[{"start":{"line":63,"column":20},"end":{"line":63,"column":57}},{"start":{"line":63,"column":57},"end":{"line":63,"column":null}}],"line":63}},"s":{"0":3,"1":13,"2":13,"3":13,"4":13,"5":13,"6":13,"7":77,"8":13,"9":13,"10":13,"11":13,"12":30,"13":30,"14":13,"15":2,"16":2,"17":13,"18":13,"19":0,"20":13,"21":13,"22":0,"23":0,"24":0,"25":0,"26":0,"27":0,"28":0,"29":0,"30":0,"31":13,"32":8,"33":5,"34":13,"35":0,"36":0,"37":0,"38":0,"39":0,"40":13,"41":0,"42":0,"43":0,"44":0,"45":0,"46":0,"47":0,"48":0,"49":13,"50":0,"51":13,"52":13,"53":23,"54":10,"55":1,"56":9,"57":1,"58":8,"59":13,"60":77,"61":64,"62":64,"63":64,"64":64,"65":64,"66":13,"67":13,"68":13,"69":13,"70":3,"71":13,"72":0,"73":0,"74":0,"75":3,"76":3,"77":3,"78":3,"79":3,"80":3,"81":87,"82":12,"83":0,"84":15,"85":0,"86":2,"87":2,"88":0,"89":2,"90":2,"91":0},"f":{"0":77,"1":13,"2":30,"3":2,"4":13,"5":0,"6":0,"7":0,"8":0,"9":0,"10":0,"11":0,"12":0,"13":0,"14":0,"15":23,"16":10,"17":77,"18":64,"19":64,"20":0,"21":13,"22":13,"23":3,"24":0,"25":12,"26":0,"27":15,"28":0,"29":2,"30":2,"31":0,"32":2,"33":2,"34":0},"b":{"0":[13,13],"1":[30,0],"2":[2,0],"3":[2,0],"4":[0,13],"5":[0,0],"6":[8,5],"7":[0,0],"8":[0,0,0],"9":[0,0],"10":[0,0],"11":[0,0],"12":[0,0,0],"13":[1,9],"14":[1,8],"15":[64,0],"16":[64,0],"17":[64,64],"18":[0,0],"19":[12,12],"20":[12,12],"21":[12,12],"22":[12,12],"23":[2,13],"24":[2,1],"25":[2,1],"26":[15,0],"27":[15,15]},"meta":{"lastBranch":0,"lastFunction":0,"lastStatement":0,"seen":{},"fnNames":{}}}
,"D:\\Dev\\projects\\hwnix-bill\\src\\@core\\dashboard\\components\\DashboardEngine.vue": {"path":"D:\\Dev\\projects\\hwnix-bill\\src\\@core\\dashboard\\components\\DashboardEngine.vue","statementMap":{"0":{"start":{"line":334,"column":15},"end":{"line":336,"column":null}},"1":{"start":{"line":203,"column":14},"end":{"line":203,"column":null}},"2":{"start":{"line":222,"column":23},"end":{"line":222,"column":42}},"3":{"start":{"line":223,"column":18},"end":{"line":223,"column":32}},"4":{"start":{"line":225,"column":23},"end":{"line":225,"column":35}},"5":{"start":{"line":226,"column":26},"end":{"line":226,"column":36}},"6":{"start":{"line":227,"column":18},"end":{"line":227,"column":34}},"7":{"start":{"line":229,"column":21},"end":{"line":231,"column":2}},"8":{"start":{"line":230,"column":2},"end":{"line":230,"column":null}},"9":{"start":{"line":233,"column":23},"end":{"line":236,"column":1}},"10":{"start":{"line":234,"column":14},"end":{"line":234,"column":42}},"11":{"start":{"line":235,"column":2},"end":{"line":235,"column":null}},"12":{"start":{"line":238,"column":25},"end":{"line":247,"column":1}},"13":{"start":{"line":239,"column":17},"end":{"line":245,"column":3}},"14":{"start":{"line":246,"column":2},"end":{"line":246,"column":null}},"15":{"start":{"line":250,"column":27},"end":{"line":255,"column":2}},"16":{"start":{"line":251,"column":2},"end":{"line":251,"column":null}},"17":{"start":{"line":251,"column":72},"end":{"line":251,"column":null}},"18":{"start":{"line":253,"column":24},"end":{"line":253,"column":84}},"19":{"start":{"line":253,"column":72},"end":{"line":253,"column":83}},"20":{"start":{"line":254,"column":2},"end":{"line":254,"column":null}},"21":{"start":{"line":254,"column":53},"end":{"line":254,"column":82}},"22":{"start":{"line":258,"column":22},"end":{"line":261,"column":2}},"23":{"start":{"line":259,"column":2},"end":{"line":259,"column":null}},"24":{"start":{"line":259,"column":72},"end":{"line":259,"column":null}},"25":{"start":{"line":260,"column":2},"end":{"line":260,"column":null}},"26":{"start":{"line":260,"column":60},"end":{"line":260,"column":80}},"27":{"start":{"line":264,"column":26},"end":{"line":287,"column":1}},"28":{"start":{"line":265,"column":2},"end":{"line":265,"column":null}},"29":{"start":{"line":265,"column":30},"end":{"line":265,"column":null}},"30":{"start":{"line":267,"column":14},"end":{"line":267,"column":42}},"31":{"start":{"line":268,"column":2},"end":{"line":268,"column":null}},"32":{"start":{"line":268,"column":12},"end":{"line":268,"column":null}},"33":{"start":{"line":270,"column":22},"end":{"line":279,"column":3}},"34":{"start":{"line":281,"column":2},"end":{"line":281,"column":null}},"35":{"start":{"line":282,"column":2},"end":{"line":282,"column":null}},"36":{"start":{"line":285,"column":2},"end":{"line":285,"column":null}},"37":{"start":{"line":286,"column":2},"end":{"line":286,"column":null}},"38":{"start":{"line":290,"column":22},"end":{"line":293,"column":1}},"39":{"start":{"line":291,"column":2},"end":{"line":291,"column":null}},"40":{"start":{"line":292,"column":2},"end":{"line":292,"column":null}},"41":{"start":{"line":295,"column":24},"end":{"line":297,"column":1}},"42":{"start":{"line":296,"column":2},"end":{"line":296,"column":null}},"43":{"start":{"line":299,"column":20},"end":{"line":303,"column":1}},"44":{"start":{"line":300,"column":2},"end":{"line":300,"column":null}},"45":{"start":{"line":301,"column":2},"end":{"line":301,"column":null}},"46":{"start":{"line":302,"column":2},"end":{"line":302,"column":null}},"47":{"start":{"line":305,"column":23},"end":{"line":310,"column":1}},"48":{"start":{"line":306,"column":2},"end":{"line":309,"column":null}},"49":{"start":{"line":307,"column":4},"end":{"line":307,"column":null}},"50":{"start":{"line":308,"column":4},"end":{"line":308,"column":null}},"51":{"start":{"line":312,"column":23},"end":{"line":314,"column":1}},"52":{"start":{"line":313,"column":2},"end":{"line":313,"column":null}},"53":{"start":{"line":316,"column":25},"end":{"line":318,"column":1}},"54":{"start":{"line":317,"column":2},"end":{"line":317,"column":null}},"55":{"start":{"line":320,"column":0},"end":{"line":322,"column":null}},"56":{"start":{"line":321,"column":2},"end":{"line":321,"column":null}},"57":{"start":{"line":324,"column":0},"end":{"line":327,"column":null}},"58":{"start":{"line":326,"column":2},"end":{"line":326,"column":null}},"59":{"start":{"line":2,"column":7},"end":{"line":2,"column":null}},"60":{"start":{"line":4,"column":9},"end":{"line":4,"column":null}},"61":{"start":{"line":6,"column":12},"end":{"line":6,"column":64}},"62":{"start":{"line":7,"column":11},"end":{"line":7,"column":66}},"63":{"start":{"line":10,"column":11},"end":{"line":10,"column":null}},"64":{"start":{"line":88,"column":11},"end":{"line":88,"column":null}},"65":{"start":{"line":89,"column":14},"end":{"line":89,"column":null}},"66":{"start":{"line":111,"column":44},"end":{"line":111,"column":null}},"67":{"start":{"line":124,"column":11},"end":{"line":124,"column":null}},"68":{"start":{"line":125,"column":13},"end":{"line":125,"column":null}},"69":{"start":{"line":151,"column":21},"end":{"line":151,"column":null}},"70":{"start":{"line":153,"column":25},"end":{"line":153,"column":89}},"71":{"start":{"line":154,"column":25},"end":{"line":154,"column":56}},"72":{"start":{"line":176,"column":21},"end":{"line":176,"column":null}},"73":{"start":{"line":178,"column":25},"end":{"line":178,"column":89}},"74":{"start":{"line":179,"column":25},"end":{"line":179,"column":53}},"75":{"start":{"line":2,"column":2},"end":{"line":1,"column":null}},"76":{"start":{"line":19,"column":20},"end":{"line":19,"column":null}},"77":{"start":{"line":22,"column":10},"end":{"line":22,"column":18}},"78":{"start":{"line":32,"column":10},"end":{"line":32,"column":18}},"79":{"start":{"line":43,"column":10},"end":{"line":43,"column":18}},"80":{"start":{"line":58,"column":10},"end":{"line":58,"column":18}},"81":{"start":{"line":70,"column":10},"end":{"line":70,"column":18}},"82":{"start":{"line":83,"column":18},"end":{"line":84,"column":14}},"83":{"start":{"line":98,"column":12},"end":{"line":1,"column":null}},"84":{"start":{"line":1,"column":0},"end":{"line":93,"column":47}},"85":{"start":{"line":94,"column":57},"end":{"line":1,"column":null}},"86":{"start":{"line":94,"column":49},"end":{"line":94,"column":57}},"87":{"start":{"line":95,"column":50},"end":{"line":95,"column":58}},"88":{"start":{"line":96,"column":49},"end":{"line":96,"column":57}},"89":{"start":{"line":1,"column":0},"end":{"line":118,"column":null}},"90":{"start":{"line":130,"column":12},"end":{"line":1,"column":null}},"91":{"start":{"line":129,"column":111},"end":{"line":129,"column":140}},"92":{"start":{"line":1,"column":0},"end":{"line":134,"column":36}},"93":{"start":{"line":135,"column":94},"end":{"line":1,"column":null}},"94":{"start":{"line":135,"column":86},"end":{"line":135,"column":94}},"95":{"start":{"line":136,"column":85},"end":{"line":136,"column":93}},"96":{"start":{"line":1,"column":0},"end":{"line":139,"column":null}},"97":{"start":{"line":140,"column":47},"end":{"line":1,"column":null}},"98":{"start":{"line":159,"column":18},"end":{"line":162,"column":18}},"99":{"start":{"line":143,"column":14},"end":{"line":1,"column":null}},"100":{"start":{"line":149,"column":24},"end":{"line":149,"column":null}},"101":{"start":{"line":157,"column":22},"end":{"line":156,"column":99}},"102":{"start":{"line":184,"column":18},"end":{"line":187,"column":18}},"103":{"start":{"line":168,"column":14},"end":{"line":1,"column":null}},"104":{"start":{"line":174,"column":24},"end":{"line":174,"column":null}},"105":{"start":{"line":182,"column":22},"end":{"line":181,"column":92}}},"fnMap":{"0":{"name":"(anonymous_0)","decl":{"start":{"line":229,"column":30},"end":{"line":229,"column":31}},"loc":{"start":{"line":229,"column":36},"end":{"line":231,"column":1}},"line":229},"1":{"name":"(anonymous_1)","decl":{"start":{"line":233,"column":23},"end":{"line":233,"column":24}},"loc":{"start":{"line":233,"column":37},"end":{"line":236,"column":1}},"line":233},"2":{"name":"(anonymous_2)","decl":{"start":{"line":238,"column":25},"end":{"line":238,"column":26}},"loc":{"start":{"line":238,"column":34},"end":{"line":247,"column":1}},"line":238},"3":{"name":"(anonymous_3)","decl":{"start":{"line":250,"column":36},"end":{"line":250,"column":37}},"loc":{"start":{"line":250,"column":42},"end":{"line":255,"column":1}},"line":250},"4":{"name":"(anonymous_4)","decl":{"start":{"line":253,"column":66},"end":{"line":253,"column":68}},"loc":{"start":{"line":253,"column":72},"end":{"line":253,"column":83}},"line":253},"5":{"name":"(anonymous_5)","decl":{"start":{"line":254,"column":48},"end":{"line":254,"column":49}},"loc":{"start":{"line":254,"column":53},"end":{"line":254,"column":82}},"line":254},"6":{"name":"(anonymous_6)","decl":{"start":{"line":258,"column":31},"end":{"line":258,"column":32}},"loc":{"start":{"line":258,"column":37},"end":{"line":261,"column":1}},"line":258},"7":{"name":"(anonymous_7)","decl":{"start":{"line":260,"column":54},"end":{"line":260,"column":56}},"loc":{"start":{"line":260,"column":60},"end":{"line":260,"column":80}},"line":260},"8":{"name":"(anonymous_8)","decl":{"start":{"line":264,"column":26},"end":{"line":264,"column":27}},"loc":{"start":{"line":264,"column":40},"end":{"line":287,"column":1}},"line":264},"9":{"name":"(anonymous_9)","decl":{"start":{"line":290,"column":22},"end":{"line":290,"column":23}},"loc":{"start":{"line":290,"column":38},"end":{"line":293,"column":1}},"line":290},"10":{"name":"(anonymous_10)","decl":{"start":{"line":295,"column":24},"end":{"line":295,"column":25}},"loc":{"start":{"line":295,"column":30},"end":{"line":297,"column":1}},"line":295},"11":{"name":"(anonymous_11)","decl":{"start":{"line":299,"column":20},"end":{"line":299,"column":25}},"loc":{"start":{"line":299,"column":32},"end":{"line":303,"column":1}},"line":299},"12":{"name":"(anonymous_12)","decl":{"start":{"line":305,"column":23},"end":{"line":305,"column":28}},"loc":{"start":{"line":305,"column":35},"end":{"line":310,"column":1}},"line":305},"13":{"name":"(anonymous_13)","decl":{"start":{"line":312,"column":23},"end":{"line":312,"column":24}},"loc":{"start":{"line":312,"column":29},"end":{"line":314,"column":1}},"line":312},"14":{"name":"(anonymous_14)","decl":{"start":{"line":316,"column":25},"end":{"line":316,"column":30}},"loc":{"start":{"line":316,"column":37},"end":{"line":318,"column":1}},"line":316},"15":{"name":"(anonymous_15)","decl":{"start":{"line":320,"column":22},"end":{"line":320,"column":27}},"loc":{"start":{"line":320,"column":43},"end":{"line":322,"column":1}},"line":320},"16":{"name":"(anonymous_16)","decl":{"start":{"line":324,"column":10},"end":{"line":324,"column":15}},"loc":{"start":{"line":324,"column":22},"end":{"line":327,"column":1}},"line":324},"17":{"name":"(anonymous_17)","decl":{"start":{"line":19,"column":18},"end":{"line":19,"column":20}},"loc":{"start":{"line":19,"column":20},"end":{"line":19,"column":null}},"line":19},"18":{"name":"(anonymous_18)","decl":{"start":{"line":20,"column":11},"end":{"line":20,"column":null}},"loc":{"start":{"line":22,"column":10},"end":{"line":22,"column":18}},"line":22},"19":{"name":"(anonymous_19)","decl":{"start":{"line":30,"column":11},"end":{"line":30,"column":null}},"loc":{"start":{"line":32,"column":10},"end":{"line":32,"column":18}},"line":32},"20":{"name":"(anonymous_20)","decl":{"start":{"line":41,"column":11},"end":{"line":41,"column":null}},"loc":{"start":{"line":43,"column":10},"end":{"line":43,"column":18}},"line":43},"21":{"name":"(anonymous_21)","decl":{"start":{"line":56,"column":11},"end":{"line":56,"column":null}},"loc":{"start":{"line":58,"column":10},"end":{"line":58,"column":18}},"line":58},"22":{"name":"(anonymous_22)","decl":{"start":{"line":68,"column":11},"end":{"line":68,"column":null}},"loc":{"start":{"line":70,"column":10},"end":{"line":70,"column":18}},"line":70},"23":{"name":"(anonymous_23)","decl":{"start":{"line":82,"column":5},"end":{"line":82,"column":null}},"loc":{"start":{"line":83,"column":18},"end":{"line":84,"column":14}},"line":83},"24":{"name":"(anonymous_24)","decl":{"start":{"line":88,"column":6},"end":{"line":88,"column":11}},"loc":{"start":{"line":98,"column":12},"end":{"line":1,"column":null}},"line":98},"25":{"name":"(anonymous_25)","decl":{"start":{"line":1,"column":0},"end":{"line":1,"column":null}},"loc":{"start":{"line":1,"column":0},"end":{"line":93,"column":47}},"line":1},"26":{"name":"(anonymous_26)","decl":{"start":{"line":94,"column":10},"end":{"line":94,"column":17}},"loc":{"start":{"line":94,"column":57},"end":{"line":1,"column":null}},"line":94},"27":{"name":"(anonymous_27)","decl":{"start":{"line":94,"column":44},"end":{"line":94,"column":49}},"loc":{"start":{"line":94,"column":49},"end":{"line":94,"column":57}},"line":94},"28":{"name":"(anonymous_28)","decl":{"start":{"line":95,"column":43},"end":{"line":95,"column":50}},"loc":{"start":{"line":95,"column":50},"end":{"line":95,"column":58}},"line":95},"29":{"name":"(anonymous_29)","decl":{"start":{"line":96,"column":44},"end":{"line":96,"column":49}},"loc":{"start":{"line":96,"column":49},"end":{"line":96,"column":57}},"line":96},"30":{"name":"(anonymous_30)","decl":{"start":{"line":124,"column":6},"end":{"line":124,"column":11}},"loc":{"start":{"line":130,"column":12},"end":{"line":1,"column":null}},"line":130},"31":{"name":"(anonymous_31)","decl":{"start":{"line":129,"column":109},"end":{"line":129,"column":111}},"loc":{"start":{"line":129,"column":111},"end":{"line":129,"column":140}},"line":129},"32":{"name":"(anonymous_32)","decl":{"start":{"line":135,"column":10},"end":{"line":135,"column":17}},"loc":{"start":{"line":135,"column":94},"end":{"line":1,"column":null}},"line":135},"33":{"name":"(anonymous_33)","decl":{"start":{"line":135,"column":73},"end":{"line":135,"column":86}},"loc":{"start":{"line":135,"column":86},"end":{"line":135,"column":94}},"line":135},"34":{"name":"(anonymous_34)","decl":{"start":{"line":136,"column":70},"end":{"line":136,"column":85}},"loc":{"start":{"line":136,"column":85},"end":{"line":136,"column":93}},"line":136},"35":{"name":"(anonymous_35)","decl":{"start":{"line":140,"column":10},"end":{"line":140,"column":47}},"loc":{"start":{"line":140,"column":47},"end":{"line":1,"column":null}},"line":140},"36":{"name":"(anonymous_36)","decl":{"start":{"line":142,"column":12},"end":{"line":142,"column":23}},"loc":{"start":{"line":159,"column":18},"end":{"line":162,"column":18}},"line":159},"37":{"name":"(anonymous_37)","decl":{"start":{"line":149,"column":22},"end":{"line":149,"column":24}},"loc":{"start":{"line":149,"column":24},"end":{"line":149,"column":null}},"line":149},"38":{"name":"(anonymous_38)","decl":{"start":{"line":151,"column":16},"end":{"line":151,"column":21}},"loc":{"start":{"line":157,"column":22},"end":{"line":156,"column":99}},"line":157},"39":{"name":"(anonymous_39)","decl":{"start":{"line":167,"column":12},"end":{"line":167,"column":23}},"loc":{"start":{"line":184,"column":18},"end":{"line":187,"column":18}},"line":184},"40":{"name":"(anonymous_40)","decl":{"start":{"line":174,"column":22},"end":{"line":174,"column":24}},"loc":{"start":{"line":174,"column":24},"end":{"line":174,"column":null}},"line":174},"41":{"name":"(anonymous_41)","decl":{"start":{"line":176,"column":16},"end":{"line":176,"column":21}},"loc":{"start":{"line":182,"column":22},"end":{"line":181,"column":92}},"line":182}},"branchMap":{"0":{"loc":{"start":{"line":230,"column":9},"end":{"line":230,"column":79}},"type":"binary-expr","locations":[{"start":{"line":230,"column":9},"end":{"line":230,"column":49}},{"start":{"line":230,"column":53},"end":{"line":230,"column":70}},{"start":{"line":230,"column":74},"end":{"line":230,"column":79}}],"line":230},"1":{"loc":{"start":{"line":235,"column":9},"end":{"line":235,"column":56}},"type":"cond-expr","locations":[{"start":{"line":235,"column":15},"end":{"line":235,"column":45}},{"start":{"line":235,"column":48},"end":{"line":235,"column":56}}],"line":235},"2":{"loc":{"start":{"line":235,"column":15},"end":{"line":235,"column":45}},"type":"binary-expr","locations":[{"start":{"line":235,"column":15},"end":{"line":235,"column":33}},{"start":{"line":235,"column":37},"end":{"line":235,"column":45}}],"line":235},"3":{"loc":{"start":{"line":246,"column":9},"end":{"line":246,"column":27}},"type":"binary-expr","locations":[{"start":{"line":246,"column":9},"end":{"line":246,"column":20}},{"start":{"line":246,"column":24},"end":{"line":246,"column":27}}],"line":246},"4":{"loc":{"start":{"line":251,"column":2},"end":{"line":251,"column":null}},"type":"if","locations":[{"start":{"line":251,"column":2},"end":{"line":251,"column":null}},{"start":{},"end":{}}],"line":251},"5":{"loc":{"start":{"line":251,"column":6},"end":{"line":251,"column":70}},"type":"binary-expr","locations":[{"start":{"line":251,"column":6},"end":{"line":251,"column":28}},{"start":{"line":251,"column":32},"end":{"line":251,"column":70}}],"line":251},"6":{"loc":{"start":{"line":259,"column":2},"end":{"line":259,"column":null}},"type":"if","locations":[{"start":{"line":259,"column":2},"end":{"line":259,"column":null}},{"start":{},"end":{}}],"line":259},"7":{"loc":{"start":{"line":259,"column":6},"end":{"line":259,"column":70}},"type":"binary-expr","locations":[{"start":{"line":259,"column":6},"end":{"line":259,"column":28}},{"start":{"line":259,"column":32},"end":{"line":259,"column":70}}],"line":259},"8":{"loc":{"start":{"line":265,"column":2},"end":{"line":265,"column":null}},"type":"if","locations":[{"start":{"line":265,"column":2},"end":{"line":265,"column":null}},{"start":{},"end":{}}],"line":265},"9":{"loc":{"start":{"line":268,"column":2},"end":{"line":268,"column":null}},"type":"if","locations":[{"start":{"line":268,"column":2},"end":{"line":268,"column":null}},{"start":{},"end":{}}],"line":268},"10":{"loc":{"start":{"line":275,"column":7},"end":{"line":275,"column":39}},"type":"binary-expr","locations":[{"start":{"line":275,"column":7},"end":{"line":275,"column":34}},{"start":{"line":275,"column":38},"end":{"line":275,"column":39}}],"line":275},"11":{"loc":{"start":{"line":276,"column":7},"end":{"line":276,"column":39}},"type":"binary-expr","locations":[{"start":{"line":276,"column":7},"end":{"line":276,"column":34}},{"start":{"line":276,"column":38},"end":{"line":276,"column":39}}],"line":276},"12":{"loc":{"start":{"line":278,"column":16},"end":{"line":278,"column":null}},"type":"cond-expr","locations":[{"start":{"line":278,"column":45},"end":{"line":278,"column":99}},{"start":{"line":278,"column":102},"end":{"line":278,"column":null}}],"line":278},"13":{"loc":{"start":{"line":306,"column":2},"end":{"line":309,"column":null}},"type":"if","locations":[{"start":{"line":306,"column":2},"end":{"line":309,"column":null}},{"start":{},"end":{}}],"line":306},"14":{"loc":{"start":{"line":12,"column":24},"end":{"line":1,"column":null}},"type":"cond-expr","locations":[{"start":{"line":12,"column":8},"end":{"line":1,"column":null}},{"start":{"line":46,"column":8},"end":{"line":1,"column":null}}],"line":12},"15":{"loc":{"start":{"line":19,"column":18},"end":{"line":19,"column":null}},"type":"binary-expr","locations":[{"start":{"line":19,"column":18},"end":{"line":19,"column":20}},{"start":{"line":19,"column":18},"end":{"line":19,"column":null}}],"line":19},"16":{"loc":{"start":{"line":22,"column":10},"end":{"line":22,"column":18}},"type":"binary-expr","locations":[{"start":{"line":22,"column":10},"end":{"line":22,"column":18}},{"start":{"line":22,"column":10},"end":{"line":22,"column":18}}],"line":22},"17":{"loc":{"start":{"line":32,"column":10},"end":{"line":32,"column":18}},"type":"binary-expr","locations":[{"start":{"line":32,"column":10},"end":{"line":32,"column":18}},{"start":{"line":32,"column":10},"end":{"line":32,"column":18}}],"line":32},"18":{"loc":{"start":{"line":43,"column":10},"end":{"line":43,"column":18}},"type":"binary-expr","locations":[{"start":{"line":43,"column":10},"end":{"line":43,"column":18}},{"start":{"line":43,"column":10},"end":{"line":43,"column":18}}],"line":43},"19":{"loc":{"start":{"line":49,"column":18},"end":{"line":1,"column":null}},"type":"cond-expr","locations":[{"start":{"line":48,"column":10},"end":{"line":1,"column":null}},{"start":{"line":1,"column":0},"end":{"line":1,"column":null}}],"line":49},"20":{"loc":{"start":{"line":58,"column":10},"end":{"line":58,"column":18}},"type":"binary-expr","locations":[{"start":{"line":58,"column":10},"end":{"line":58,"column":18}},{"start":{"line":58,"column":10},"end":{"line":58,"column":18}}],"line":58},"21":{"loc":{"start":{"line":70,"column":10},"end":{"line":70,"column":18}},"type":"binary-expr","locations":[{"start":{"line":70,"column":10},"end":{"line":70,"column":18}},{"start":{"line":70,"column":10},"end":{"line":70,"column":18}}],"line":70},"22":{"loc":{"start":{"line":77,"column":12},"end":{"line":1,"column":null}},"type":"cond-expr","locations":[{"start":{"line":76,"column":4},"end":{"line":1,"column":null}},{"start":{"line":1,"column":0},"end":{"line":1,"column":null}}],"line":77},"23":{"loc":{"start":{"line":83,"column":18},"end":{"line":84,"column":14}},"type":"binary-expr","locations":[{"start":{"line":83,"column":18},"end":{"line":83,"column":26}},{"start":{"line":83,"column":18},"end":{"line":84,"column":14}}],"line":83},"24":{"loc":{"start":{"line":87,"column":18},"end":{"line":1,"column":null}},"type":"cond-expr","locations":[{"start":{"line":87,"column":4},"end":{"line":1,"column":null}},{"start":{"line":1,"column":0},"end":{"line":1,"column":null}}],"line":87},"25":{"loc":{"start":{"line":1,"column":0},"end":{"line":139,"column":null}},"type":"binary-expr","locations":[{"start":{"line":1,"column":0},"end":{"line":1,"column":null}},{"start":{"line":1,"column":0},"end":{"line":139,"column":null}}],"line":1},"26":{"loc":{"start":{"line":94,"column":49},"end":{"line":94,"column":57}},"type":"binary-expr","locations":[{"start":{"line":94,"column":49},"end":{"line":94,"column":57}},{"start":{"line":94,"column":49},"end":{"line":94,"column":57}}],"line":94},"27":{"loc":{"start":{"line":95,"column":50},"end":{"line":95,"column":58}},"type":"binary-expr","locations":[{"start":{"line":95,"column":50},"end":{"line":95,"column":58}},{"start":{"line":95,"column":50},"end":{"line":95,"column":58}}],"line":95},"28":{"loc":{"start":{"line":96,"column":49},"end":{"line":96,"column":57}},"type":"binary-expr","locations":[{"start":{"line":96,"column":49},"end":{"line":96,"column":57}},{"start":{"line":96,"column":49},"end":{"line":96,"column":57}}],"line":96},"29":{"loc":{"start":{"line":102,"column":15},"end":{"line":1,"column":null}},"type":"cond-expr","locations":[{"start":{"line":102,"column":4},"end":{"line":106,"column":null}},{"start":{"line":111,"column":20},"end":{"line":1,"column":null}}],"line":102},"30":{"loc":{"start":{"line":102,"column":15},"end":{"line":102,"column":77}},"type":"binary-expr","locations":[{"start":{"line":102,"column":15},"end":{"line":102,"column":36}},{"start":{"line":102,"column":40},"end":{"line":102,"column":77}}],"line":102},"31":{"loc":{"start":{"line":111,"column":20},"end":{"line":1,"column":null}},"type":"cond-expr","locations":[{"start":{"line":111,"column":4},"end":{"line":113,"column":80}},{"start":{"line":1,"column":0},"end":{"line":1,"column":null}}],"line":111},"32":{"loc":{"start":{"line":113,"column":6},"end":{"line":113,"column":80}},"type":"binary-expr","locations":[{"start":{"line":113,"column":6},"end":{"line":113,"column":12}},{"start":{"line":113,"column":6},"end":{"line":113,"column":80}}],"line":113},"33":{"loc":{"start":{"line":127,"column":10},"end":{"line":127,"column":88}},"type":"binary-expr","locations":[{"start":{"line":127,"column":10},"end":{"line":127,"column":16}},{"start":{"line":127,"column":10},"end":{"line":127,"column":88}}],"line":127},"34":{"loc":{"start":{"line":129,"column":109},"end":{"line":129,"column":140}},"type":"binary-expr","locations":[{"start":{"line":129,"column":109},"end":{"line":129,"column":111}},{"start":{"line":129,"column":109},"end":{"line":129,"column":140}}],"line":129},"35":{"loc":{"start":{"line":135,"column":86},"end":{"line":135,"column":94}},"type":"binary-expr","locations":[{"start":{"line":135,"column":86},"end":{"line":135,"column":94}},{"start":{"line":135,"column":86},"end":{"line":135,"column":94}}],"line":135},"36":{"loc":{"start":{"line":136,"column":85},"end":{"line":136,"column":93}},"type":"binary-expr","locations":[{"start":{"line":136,"column":85},"end":{"line":136,"column":93}},{"start":{"line":136,"column":85},"end":{"line":136,"column":93}}],"line":136},"37":{"loc":{"start":{"line":142,"column":23},"end":{"line":162,"column":18}},"type":"cond-expr","locations":[{"start":{"line":142,"column":12},"end":{"line":1,"column":null}},{"start":{"line":160,"column":12},"end":{"line":162,"column":18}}],"line":142},"38":{"loc":{"start":{"line":167,"column":23},"end":{"line":187,"column":18}},"type":"cond-expr","locations":[{"start":{"line":167,"column":12},"end":{"line":1,"column":null}},{"start":{"line":185,"column":12},"end":{"line":187,"column":18}}],"line":167}},"s":{"0":2,"1":11,"2":11,"3":11,"4":11,"5":11,"6":11,"7":11,"8":11,"9":11,"10":0,"11":0,"12":11,"13":0,"14":0,"15":11,"16":77,"17":2,"18":75,"19":10,"20":75,"21":0,"22":11,"23":77,"24":2,"25":75,"26":10,"27":11,"28":1,"29":0,"30":1,"31":1,"32":0,"33":1,"34":1,"35":1,"36":1,"37":1,"38":11,"39":1,"40":1,"41":11,"42":0,"43":11,"44":1,"45":1,"46":1,"47":11,"48":2,"49":1,"50":1,"51":11,"52":1,"53":11,"54":1,"55":11,"56":1,"57":11,"58":11,"59":2,"60":2,"61":2,"62":2,"63":2,"64":2,"65":2,"66":2,"67":2,"68":2,"69":2,"70":2,"71":2,"72":2,"73":2,"74":2,"75":120,"76":0,"77":44,"78":44,"79":44,"80":0,"81":76,"82":44,"83":120,"84":0,"85":120,"86":120,"87":120,"88":120,"89":0,"90":120,"91":0,"92":0,"93":120,"94":120,"95":120,"96":0,"97":120,"98":120,"99":0,"100":0,"101":0,"102":120,"103":0,"104":0,"105":0},"f":{"0":11,"1":0,"2":0,"3":77,"4":10,"5":0,"6":77,"7":10,"8":1,"9":1,"10":0,"11":1,"12":2,"13":1,"14":1,"15":1,"16":11,"17":0,"18":44,"19":44,"20":44,"21":0,"22":76,"23":44,"24":120,"25":0,"26":120,"27":120,"28":120,"29":120,"30":120,"31":0,"32":120,"33":120,"34":120,"35":120,"36":120,"37":0,"38":0,"39":120,"40":0,"41":0},"b":{"0":[11,11,11],"1":[0,0],"2":[0,0],"3":[0,0],"4":[2,75],"5":[77,75],"6":[2,75],"7":[77,75],"8":[0,1],"9":[0,1],"10":[1,0],"11":[1,0],"12":[0,1],"13":[1,1],"14":[44,76],"15":[44,8],"16":[44,8],"17":[44,8],"18":[44,8],"19":[0,76],"20":[0,0],"21":[76,11],"22":[44,76],"23":[44,8],"24":[120,0],"25":[120,11],"26":[120,11],"27":[120,11],"28":[120,11],"29":[116,4],"30":[120,116],"31":[2,2],"32":[2,2],"33":[120,11],"34":[120,11],"35":[120,11],"36":[120,11],"37":[0,120],"38":[0,120]},"meta":{"lastBranch":43,"lastFunction":42,"lastStatement":106,"seen":{"s:334:15:336:Infinity":0,"s:203:14:203:Infinity":1,"s:222:23:222:42":2,"s:223:18:223:32":3,"s:225:23:225:35":4,"s:226:26:226:36":5,"s:227:18:227:34":6,"s:229:21:231:2":7,"f:229:30:229:31":0,"s:230:2:230:Infinity":8,"b:230:9:230:49:230:53:230:70:230:74:230:79":0,"s:233:23:236:1":9,"f:233:23:233:24":1,"s:234:14:234:42":10,"s:235:2:235:Infinity":11,"b:235:15:235:45:235:48:235:56":1,"b:235:15:235:33:235:37:235:45":2,"s:238:25:247:1":12,"f:238:25:238:26":2,"s:239:17:245:3":13,"s:246:2:246:Infinity":14,"b:246:9:246:20:246:24:246:27":3,"s:250:27:255:2":15,"f:250:36:250:37":3,"b:251:2:251:Infinity:undefined:undefined:undefined:undefined":4,"s:251:2:251:Infinity":16,"b:251:6:251:28:251:32:251:70":5,"s:251:72:251:Infinity":17,"s:253:24:253:84":18,"f:253:66:253:68":4,"s:253:72:253:83":19,"s:254:2:254:Infinity":20,"f:254:48:254:49":5,"s:254:53:254:82":21,"s:258:22:261:2":22,"f:258:31:258:32":6,"b:259:2:259:Infinity:undefined:undefined:undefined:undefined":6,"s:259:2:259:Infinity":23,"b:259:6:259:28:259:32:259:70":7,"s:259:72:259:Infinity":24,"s:260:2:260:Infinity":25,"f:260:54:260:56":7,"s:260:60:260:80":26,"s:264:26:287:1":27,"f:264:26:264:27":8,"b:265:2:265:Infinity:undefined:undefined:undefined:undefined":8,"s:265:2:265:Infinity":28,"s:265:30:265:Infinity":29,"s:267:14:267:42":30,"b:268:2:268:Infinity:undefined:undefined:undefined:undefined":9,"s:268:2:268:Infinity":31,"s:268:12:268:Infinity":32,"s:270:22:279:3":33,"b:275:7:275:34:275:38:275:39":10,"b:276:7:276:34:276:38:276:39":11,"b:278:45:278:99:278:102:278:Infinity":12,"s:281:2:281:Infinity":34,"s:282:2:282:Infinity":35,"s:285:2:285:Infinity":36,"s:286:2:286:Infinity":37,"s:290:22:293:1":38,"f:290:22:290:23":9,"s:291:2:291:Infinity":39,"s:292:2:292:Infinity":40,"s:295:24:297:1":41,"f:295:24:295:25":10,"s:296:2:296:Infinity":42,"s:299:20:303:1":43,"f:299:20:299:25":11,"s:300:2:300:Infinity":44,"s:301:2:301:Infinity":45,"s:302:2:302:Infinity":46,"s:305:23:310:1":47,"f:305:23:305:28":12,"b:306:2:309:Infinity:undefined:undefined:undefined:undefined":13,"s:306:2:309:Infinity":48,"s:307:4:307:Infinity":49,"s:308:4:308:Infinity":50,"s:312:23:314:1":51,"f:312:23:312:24":13,"s:313:2:313:Infinity":52,"s:316:25:318:1":53,"f:316:25:316:30":14,"s:317:2:317:Infinity":54,"s:320:0:322:Infinity":55,"f:320:22:320:27":15,"s:321:2:321:Infinity":56,"s:324:0:327:Infinity":57,"f:324:10:324:15":16,"s:326:2:326:Infinity":58,"s:2:7:2:Infinity":59,"s:4:9:4:Infinity":60,"s:6:12:6:64":61,"s:7:11:7:66":62,"s:10:11:10:Infinity":63,"s:88:11:88:Infinity":64,"s:89:14:89:Infinity":65,"s:111:44:111:Infinity":66,"s:124:11:124:Infinity":67,"s:125:13:125:Infinity":68,"s:151:21:151:Infinity":69,"s:153:25:153:89":70,"s:154:25:154:56":71,"s:176:21:176:Infinity":72,"s:178:25:178:89":73,"s:179:25:179:53":74,"s:2:2:1:Infinity":75,"b:12:8:1:Infinity:46:8:1:Infinity":14,"b:19:18:19:20:19:18:19:Infinity":15,"f:19:18:19:20":17,"s:19:20:19:Infinity":76,"f:20:11:20:Infinity":18,"s:22:10:22:18":77,"b:22:10:22:18:22:10:22:18":16,"f:30:11:30:Infinity":19,"s:32:10:32:18":78,"b:32:10:32:18:32:10:32:18":17,"f:41:11:41:Infinity":20,"s:43:10:43:18":79,"b:43:10:43:18:43:10:43:18":18,"b:48:10:1:Infinity:1:0:1:Infinity":19,"f:56:11:56:Infinity":21,"s:58:10:58:18":80,"b:58:10:58:18:58:10:58:18":20,"f:68:11:68:Infinity":22,"s:70:10:70:18":81,"b:70:10:70:18:70:10:70:18":21,"b:76:4:1:Infinity:1:0:1:Infinity":22,"f:82:5:82:Infinity":23,"s:83:18:84:14":82,"b:83:18:83:26:83:18:84:14":23,"b:87:4:1:Infinity:1:0:1:Infinity":24,"f:88:6:88:11":24,"s:98:12:1:Infinity":83,"b:1:0:1:Infinity:1:0:91:15":25,"b:1:0:1:Infinity:1:0:93:47":26,"f:1:0:1:Infinity":25,"s:1:0:93:47":84,"f:94:10:94:17":26,"s:94:57:1:Infinity":85,"f:94:44:94:49":27,"s:94:49:94:57":86,"b:94:49:94:57:94:49:94:57":27,"f:95:43:95:50":28,"s:95:50:95:58":87,"b:95:50:95:58:95:50:95:58":28,"f:96:44:96:49":29,"s:96:49:96:57":88,"b:96:49:96:57:96:49:96:57":29,"b:102:4:106:Infinity:111:20:1:Infinity":30,"b:102:15:102:36:102:40:102:77":31,"b:111:4:113:80:1:0:1:Infinity":32,"b:113:6:113:12:113:6:113:80":33,"b:1:0:1:Infinity:1:0:118:Infinity":34,"s:1:0:118:Infinity":89,"f:124:6:124:11":30,"s:130:12:1:Infinity":90,"b:127:10:127:16:127:10:127:88":35,"b:129:109:129:111:129:109:129:140":36,"f:129:109:129:111":31,"s:129:111:129:140":91,"b:1:0:1:Infinity:1:0:134:36":37,"s:1:0:134:36":92,"f:135:10:135:17":32,"s:135:94:1:Infinity":93,"f:135:73:135:86":33,"s:135:86:135:94":94,"b:135:86:135:94:135:86:135:94":38,"f:136:70:136:85":34,"s:136:85:136:93":95,"b:136:85:136:93:136:85:136:93":39,"b:1:0:1:Infinity:1:0:139:Infinity":40,"s:1:0:139:Infinity":96,"f:140:10:140:47":35,"s:140:47:1:Infinity":97,"f:142:12:142:23":36,"s:159:18:162:18":98,"b:142:12:1:Infinity:160:12:162:18":41,"s:143:14:1:Infinity":99,"f:149:22:149:24":37,"s:149:24:149:Infinity":100,"f:151:16:151:21":38,"s:157:22:156:99":101,"f:167:12:167:23":39,"s:184:18:187:18":102,"b:167:12:1:Infinity:185:12:187:18":42,"s:168:14:1:Infinity":103,"f:174:22:174:24":40,"s:174:24:174:Infinity":104,"f:176:16:176:21":41,"s:182:22:181:92":105},"fnNames":{}}}
,"D:\\Dev\\projects\\hwnix-bill\\src\\@core\\dashboard\\components\\ErrorBoundary.vue": {"path":"D:\\Dev\\projects\\hwnix-bill\\src\\@core\\dashboard\\components\\ErrorBoundary.vue","statementMap":{"0":{"start":{"line":62,"column":15},"end":{"line":64,"column":null}},"1":{"start":{"line":26,"column":14},"end":{"line":26,"column":null}},"2":{"start":{"line":33,"column":13},"end":{"line":33,"column":null}},"3":{"start":{"line":35,"column":17},"end":{"line":35,"column":null}},"4":{"start":{"line":36,"column":14},"end":{"line":36,"column":null}},"5":{"start":{"line":37,"column":20},"end":{"line":37,"column":null}},"6":{"start":{"line":39,"column":0},"end":{"line":48,"column":null}},"7":{"start":{"line":40,"column":2},"end":{"line":40,"column":null}},"8":{"start":{"line":41,"column":2},"end":{"line":41,"column":null}},"9":{"start":{"line":44,"column":2},"end":{"line":44,"column":null}},"10":{"start":{"line":47,"column":2},"end":{"line":47,"column":null}},"11":{"start":{"line":50,"column":6},"end":{"line":55,"column":null}},"12":{"start":{"line":51,"column":2},"end":{"line":51,"column":null}},"13":{"start":{"line":52,"column":2},"end":{"line":52,"column":null}},"14":{"start":{"line":53,"column":2},"end":{"line":53,"column":null}},"15":{"start":{"line":54,"column":2},"end":{"line":54,"column":null}},"16":{"start":{"line":2,"column":7},"end":{"line":2,"column":null}},"17":{"start":{"line":8,"column":11},"end":{"line":8,"column":null}},"18":{"start":{"line":2,"column":2},"end":{"line":1,"column":null}},"19":{"start":{"line":11,"column":8},"end":{"line":11,"column":16}},"20":{"start":{"line":12,"column":77},"end":{"line":12,"column":null}},"21":{"start":{"line":13,"column":63},"end":{"line":13,"column":63}}},"fnMap":{"0":{"name":"(anonymous_0)","decl":{"start":{"line":39,"column":0},"end":{"line":39,"column":17}},"loc":{"start":{"line":39,"column":41},"end":{"line":48,"column":1}},"line":39},"1":{"name":"(anonymous_1)","decl":{"start":{"line":50,"column":6},"end":{"line":50,"column":20}},"loc":{"start":{"line":50,"column":20},"end":{"line":55,"column":null}},"line":50},"2":{"name":"(anonymous_2)","decl":{"start":{"line":1,"column":0},"end":{"line":1,"column":null}},"loc":{"start":{"line":11,"column":8},"end":{"line":11,"column":16}},"line":11},"3":{"name":"(anonymous_3)","decl":{"start":{"line":12,"column":75},"end":{"line":12,"column":77}},"loc":{"start":{"line":12,"column":77},"end":{"line":12,"column":null}},"line":12}},"branchMap":{"0":{"loc":{"start":{"line":20,"column":8},"end":{"line":1,"column":null}},"type":"cond-expr","locations":[{"start":{"line":3,"column":4},"end":{"line":1,"column":null}},{"start":{"line":1,"column":0},"end":{"line":1,"column":null}}],"line":20},"1":{"loc":{"start":{"line":6,"column":6},"end":{"line":6,"column":99}},"type":"binary-expr","locations":[{"start":{"line":6,"column":6},"end":{"line":6,"column":10}},{"start":{"line":6,"column":6},"end":{"line":6,"column":99}}],"line":6},"2":{"loc":{"start":{"line":7,"column":6},"end":{"line":7,"column":106}},"type":"binary-expr","locations":[{"start":{"line":7,"column":6},"end":{"line":7,"column":9}},{"start":{"line":7,"column":6},"end":{"line":7,"column":106}}],"line":7},"3":{"loc":{"start":{"line":11,"column":8},"end":{"line":11,"column":16}},"type":"binary-expr","locations":[{"start":{"line":11,"column":8},"end":{"line":11,"column":16}},{"start":{"line":11,"column":8},"end":{"line":11,"column":16}}],"line":11},"4":{"loc":{"start":{"line":12,"column":21},"end":{"line":1,"column":null}},"type":"cond-expr","locations":[{"start":{"line":12,"column":21},"end":{"line":1,"column":null}},{"start":{"line":1,"column":0},"end":{"line":1,"column":null}}],"line":12},"5":{"loc":{"start":{"line":12,"column":75},"end":{"line":12,"column":null}},"type":"binary-expr","locations":[{"start":{"line":12,"column":75},"end":{"line":12,"column":77}},{"start":{"line":12,"column":75},"end":{"line":12,"column":null}}],"line":12},"6":{"loc":{"start":{"line":13,"column":13},"end":{"line":13,"column":63}},"type":"cond-expr","locations":[{"start":{"line":13,"column":24},"end":{"line":13,"column":63}},{"start":{"line":13,"column":24},"end":{"line":13,"column":63}}],"line":13},"7":{"loc":{"start":{"line":16,"column":17},"end":{"line":1,"column":null}},"type":"cond-expr","locations":[{"start":{"line":16,"column":32},"end":{"line":18,"column":12}},{"start":{"line":1,"column":0},"end":{"line":1,"column":null}}],"line":16},"8":{"loc":{"start":{"line":16,"column":17},"end":{"line":16,"column":39}},"type":"binary-expr","locations":[{"start":{"line":16,"column":17},"end":{"line":16,"column":32}},{"start":{"line":16,"column":32},"end":{"line":16,"column":39}}],"line":16},"9":{"loc":{"start":{"line":17,"column":11},"end":{"line":17,"column":48}},"type":"binary-expr","locations":[{"start":{"line":17,"column":11},"end":{"line":17,"column":26}},{"start":{"line":17,"column":26},"end":{"line":17,"column":43}},{"start":{"line":17,"column":43},"end":{"line":17,"column":48}}],"line":17}},"s":{"0":3,"1":12,"2":12,"3":12,"4":12,"5":12,"6":12,"7":0,"8":0,"9":0,"10":0,"11":12,"12":0,"13":0,"14":0,"15":0,"16":3,"17":3,"18":15,"19":0,"20":0,"21":0},"f":{"0":0,"1":0,"2":0,"3":0},"b":{"0":[15,0],"1":[0,0],"2":[0,0],"3":[0,0],"4":[0,0],"5":[0,0],"6":[0,0],"7":[0,0],"8":[0,0],"9":[0,0,0]},"meta":{"lastBranch":0,"lastFunction":0,"lastStatement":0,"seen":{},"fnNames":{}}}
,"D:\\Dev\\projects\\hwnix-bill\\src\\@core\\dashboard\\config\\schema.json": {"path":"D:\\Dev\\projects\\hwnix-bill\\src\\@core\\dashboard\\config\\schema.json","statementMap":{"0":{"start":{"line":1,"column":23},"end":{"line":1,"column":64}},"1":{"start":{"line":2,"column":21},"end":{"line":2,"column":49}},"2":{"start":{"line":3,"column":27},"end":{"line":3,"column":102}},"3":{"start":{"line":4,"column":20},"end":{"line":4,"column":28}},"4":{"start":{"line":5,"column":24},"end":{"line":5,"column":72}},"5":{"start":{"line":6,"column":26},"end":{"line":6,"column":1103}}},"fnMap":{},"branchMap":{},"s":{"0":0,"1":0,"2":0,"3":0,"4":0,"5":0},"f":{},"b":{},"meta":{"lastBranch":0,"lastFunction":0,"lastStatement":6,"seen":{"s:1:23:1:64":0,"s:2:21:2:49":1,"s:3:27:3:102":2,"s:4:20:4:28":3,"s:5:24:5:72":4,"s:6:26:6:1103":5},"fnNames":{}}}
,"D:\\Dev\\projects\\hwnix-bill\\src\\@core\\dashboard\\contracts\\WidgetContract.js": {"path":"D:\\Dev\\projects\\hwnix-bill\\src\\@core\\dashboard\\contracts\\WidgetContract.js","statementMap":{"0":{"start":{"line":6,"column":4},"end":{"line":6,"column":null}},"1":{"start":{"line":7,"column":4},"end":{"line":7,"column":null}},"2":{"start":{"line":15,"column":4},"end":{"line":15,"column":null}},"3":{"start":{"line":23,"column":4},"end":{"line":23,"column":null}}},"fnMap":{"0":{"name":"constructor","decl":{"start":{"line":5,"column":2},"end":{"line":5,"column":13}},"loc":{"start":{"line":5,"column":16},"end":{"line":8,"column":null}},"line":5},"1":{"name":"initialize","decl":{"start":{"line":14,"column":2},"end":{"line":14,"column":12}},"loc":{"start":{"line":14,"column":22},"end":{"line":16,"column":null}},"line":14},"2":{"name":"fetchData","decl":{"start":{"line":22,"column":8},"end":{"line":22,"column":17}},"loc":{"start":{"line":22,"column":20},"end":{"line":24,"column":null}},"line":22},"3":{"name":"onResize","decl":{"start":{"line":30,"column":2},"end":{"line":30,"column":10}},"loc":{"start":{"line":30,"column":20},"end":{"line":32,"column":null}},"line":30},"4":{"name":"onSuspend","decl":{"start":{"line":37,"column":2},"end":{"line":37,"column":11}},"loc":{"start":{"line":37,"column":14},"end":{"line":39,"column":null}},"line":37},"5":{"name":"onDestroy","decl":{"start":{"line":44,"column":2},"end":{"line":44,"column":11}},"loc":{"start":{"line":44,"column":14},"end":{"line":46,"column":null}},"line":44}},"branchMap":{},"s":{"0":0,"1":0,"2":0,"3":0},"f":{"0":0,"1":0,"2":0,"3":0,"4":0,"5":0},"b":{},"meta":{"lastBranch":0,"lastFunction":6,"lastStatement":4,"seen":{"f:5:2:5:13":0,"s:6:4:6:Infinity":0,"s:7:4:7:Infinity":1,"f:14:2:14:12":1,"s:15:4:15:Infinity":2,"f:22:8:22:17":2,"s:23:4:23:Infinity":3,"f:30:2:30:10":3,"f:37:2:37:11":4,"f:44:2:44:11":5},"fnNames":{}}}
,"D:\\Dev\\projects\\hwnix-bill\\src\\@core\\dashboard\\providers\\ApiDataProvider.js": {"path":"D:\\Dev\\projects\\hwnix-bill\\src\\@core\\dashboard\\providers\\ApiDataProvider.js","statementMap":{"0":{"start":{"line":13,"column":32},"end":{"line":13,"column":40}},"1":{"start":{"line":15,"column":25},"end":{"line":15,"column":60}},"2":{"start":{"line":15,"column":35},"end":{"line":15,"column":60}},"3":{"start":{"line":17,"column":4},"end":{"line":164,"column":null}},"4":{"start":{"line":19,"column":6},"end":{"line":29,"column":null}},"5":{"start":{"line":20,"column":23},"end":{"line":20,"column":62}},"6":{"start":{"line":21,"column":25},"end":{"line":23,"column":10}},"7":{"start":{"line":24,"column":8},"end":{"line":28,"column":null}},"8":{"start":{"line":32,"column":6},"end":{"line":41,"column":null}},"9":{"start":{"line":33,"column":25},"end":{"line":35,"column":10}},"10":{"start":{"line":36,"column":8},"end":{"line":40,"column":null}},"11":{"start":{"line":44,"column":6},"end":{"line":62,"column":null}},"12":{"start":{"line":45,"column":22},"end":{"line":45,"column":32}},"13":{"start":{"line":46,"column":29},"end":{"line":46,"column":39}},"14":{"start":{"line":47,"column":8},"end":{"line":47,"column":null}},"15":{"start":{"line":48,"column":25},"end":{"line":56,"column":10}},"16":{"start":{"line":57,"column":8},"end":{"line":61,"column":null}},"17":{"start":{"line":65,"column":6},"end":{"line":82,"column":null}},"18":{"start":{"line":66,"column":22},"end":{"line":66,"column":32}},"19":{"start":{"line":67,"column":29},"end":{"line":67,"column":39}},"20":{"start":{"line":68,"column":8},"end":{"line":68,"column":null}},"21":{"start":{"line":69,"column":25},"end":{"line":76,"column":10}},"22":{"start":{"line":77,"column":8},"end":{"line":81,"column":null}},"23":{"start":{"line":85,"column":6},"end":{"line":138,"column":null}},"24":{"start":{"line":86,"column":23},"end":{"line":86,"column":48}},"25":{"start":{"line":87,"column":29},"end":{"line":87,"column":39}},"26":{"start":{"line":90,"column":8},"end":{"line":118,"column":null}},"27":{"start":{"line":91,"column":27},"end":{"line":91,"column":65}},"28":{"start":{"line":92,"column":10},"end":{"line":92,"column":null}},"29":{"start":{"line":93,"column":10},"end":{"line":93,"column":null}},"30":{"start":{"line":95,"column":28},"end":{"line":95,"column":38}},"31":{"start":{"line":96,"column":10},"end":{"line":96,"column":null}},"32":{"start":{"line":97,"column":31},"end":{"line":97,"column":68}},"33":{"start":{"line":98,"column":10},"end":{"line":98,"column":null}},"34":{"start":{"line":99,"column":10},"end":{"line":99,"column":null}},"35":{"start":{"line":100,"column":15},"end":{"line":118,"column":null}},"36":{"start":{"line":101,"column":30},"end":{"line":101,"column":40}},"37":{"start":{"line":102,"column":10},"end":{"line":102,"column":null}},"38":{"start":{"line":103,"column":10},"end":{"line":103,"column":null}},"39":{"start":{"line":104,"column":10},"end":{"line":104,"column":null}},"40":{"start":{"line":106,"column":32},"end":{"line":106,"column":42}},"41":{"start":{"line":107,"column":10},"end":{"line":107,"column":null}},"42":{"start":{"line":108,"column":10},"end":{"line":108,"column":null}},"43":{"start":{"line":109,"column":10},"end":{"line":109,"column":null}},"44":{"start":{"line":112,"column":10},"end":{"line":112,"column":null}},"45":{"start":{"line":113,"column":10},"end":{"line":113,"column":null}},"46":{"start":{"line":115,"column":28},"end":{"line":115,"column":96}},"47":{"start":{"line":116,"column":10},"end":{"line":116,"column":null}},"48":{"start":{"line":117,"column":10},"end":{"line":117,"column":null}},"49":{"start":{"line":120,"column":38},"end":{"line":123,"column":10}},"50":{"start":{"line":125,"column":30},"end":{"line":125,"column":71}},"51":{"start":{"line":126,"column":27},"end":{"line":126,"column":65}},"52":{"start":{"line":128,"column":8},"end":{"line":137,"column":null}},"53":{"start":{"line":141,"column":27},"end":{"line":143,"column":7}},"54":{"start":{"line":142,"column":8},"end":{"line":142,"column":null}},"55":{"start":{"line":145,"column":6},"end":{"line":152,"column":null}},"56":{"start":{"line":146,"column":25},"end":{"line":146,"column":88}},"57":{"start":{"line":147,"column":8},"end":{"line":151,"column":null}},"58":{"start":{"line":155,"column":23},"end":{"line":155,"column":84}},"59":{"start":{"line":156,"column":6},"end":{"line":160,"column":null}},"60":{"start":{"line":162,"column":6},"end":{"line":162,"column":null}},"61":{"start":{"line":163,"column":6},"end":{"line":163,"column":null}},"62":{"start":{"line":169,"column":32},"end":{"line":169,"column":53}}},"fnMap":{"0":{"name":"fetchData","decl":{"start":{"line":12,"column":8},"end":{"line":12,"column":17}},"loc":{"start":{"line":12,"column":53},"end":{"line":165,"column":null}},"line":12},"1":{"name":"(anonymous_1)","decl":{"start":{"line":15,"column":25},"end":{"line":15,"column":26}},"loc":{"start":{"line":15,"column":35},"end":{"line":15,"column":60}},"line":15},"2":{"name":"(anonymous_2)","decl":{"start":{"line":141,"column":43},"end":{"line":141,"column":46}},"loc":{"start":{"line":142,"column":8},"end":{"line":142,"column":null}},"line":142}},"branchMap":{"0":{"loc":{"start":{"line":12,"column":39},"end":{"line":12,"column":51}},"type":"default-arg","locations":[{"start":{"line":12,"column":49},"end":{"line":12,"column":51}}],"line":12},"1":{"loc":{"start":{"line":13,"column":12},"end":{"line":13,"column":27}},"type":"default-arg","locations":[{"start":{"line":13,"column":25},"end":{"line":13,"column":27}}],"line":13},"2":{"loc":{"start":{"line":19,"column":6},"end":{"line":29,"column":null}},"type":"if","locations":[{"start":{"line":19,"column":6},"end":{"line":29,"column":null}},{"start":{},"end":{}}],"line":19},"3":{"loc":{"start":{"line":19,"column":10},"end":{"line":19,"column":76}},"type":"binary-expr","locations":[{"start":{"line":19,"column":10},"end":{"line":19,"column":45}},{"start":{"line":19,"column":49},"end":{"line":19,"column":76}}],"line":19},"4":{"loc":{"start":{"line":20,"column":23},"end":{"line":20,"column":62}},"type":"binary-expr","locations":[{"start":{"line":20,"column":23},"end":{"line":20,"column":37}},{"start":{"line":20,"column":41},"end":{"line":20,"column":62}}],"line":20},"5":{"loc":{"start":{"line":27,"column":16},"end":{"line":27,"column":null}},"type":"binary-expr","locations":[{"start":{"line":27,"column":16},"end":{"line":27,"column":29}},{"start":{"line":27,"column":33},"end":{"line":27,"column":null}}],"line":27},"6":{"loc":{"start":{"line":32,"column":6},"end":{"line":41,"column":null}},"type":"if","locations":[{"start":{"line":32,"column":6},"end":{"line":41,"column":null}},{"start":{},"end":{}}],"line":32},"7":{"loc":{"start":{"line":39,"column":16},"end":{"line":39,"column":null}},"type":"binary-expr","locations":[{"start":{"line":39,"column":16},"end":{"line":39,"column":29}},{"start":{"line":39,"column":33},"end":{"line":39,"column":null}}],"line":39},"8":{"loc":{"start":{"line":44,"column":6},"end":{"line":62,"column":null}},"type":"if","locations":[{"start":{"line":44,"column":6},"end":{"line":62,"column":null}},{"start":{},"end":{}}],"line":44},"9":{"loc":{"start":{"line":60,"column":16},"end":{"line":60,"column":null}},"type":"binary-expr","locations":[{"start":{"line":60,"column":16},"end":{"line":60,"column":29}},{"start":{"line":60,"column":33},"end":{"line":60,"column":null}}],"line":60},"10":{"loc":{"start":{"line":65,"column":6},"end":{"line":82,"column":null}},"type":"if","locations":[{"start":{"line":65,"column":6},"end":{"line":82,"column":null}},{"start":{},"end":{}}],"line":65},"11":{"loc":{"start":{"line":80,"column":16},"end":{"line":80,"column":null}},"type":"binary-expr","locations":[{"start":{"line":80,"column":16},"end":{"line":80,"column":29}},{"start":{"line":80,"column":33},"end":{"line":80,"column":null}}],"line":80},"12":{"loc":{"start":{"line":85,"column":6},"end":{"line":138,"column":null}},"type":"if","locations":[{"start":{"line":85,"column":6},"end":{"line":138,"column":null}},{"start":{},"end":{}}],"line":85},"13":{"loc":{"start":{"line":86,"column":23},"end":{"line":86,"column":48}},"type":"binary-expr","locations":[{"start":{"line":86,"column":23},"end":{"line":86,"column":37}},{"start":{"line":86,"column":41},"end":{"line":86,"column":48}}],"line":86},"14":{"loc":{"start":{"line":90,"column":8},"end":{"line":118,"column":null}},"type":"if","locations":[{"start":{"line":90,"column":8},"end":{"line":118,"column":null}},{"start":{"line":100,"column":15},"end":{"line":118,"column":null}}],"line":90},"15":{"loc":{"start":{"line":100,"column":15},"end":{"line":118,"column":null}},"type":"if","locations":[{"start":{"line":100,"column":15},"end":{"line":118,"column":null}},{"start":{"line":110,"column":15},"end":{"line":118,"column":null}}],"line":100},"16":{"loc":{"start":{"line":125,"column":30},"end":{"line":125,"column":71}},"type":"binary-expr","locations":[{"start":{"line":125,"column":30},"end":{"line":125,"column":66}},{"start":{"line":125,"column":70},"end":{"line":125,"column":71}}],"l
[...]
:null}},"18":{"start":{"line":43,"column":22},"end":{"line":43,"column":40}},"19":{"start":{"line":44,"column":28},"end":{"line":44,"column":91}},"20":{"start":{"line":44,"column":70},"end":{"line":44,"column":90}},"21":{"start":{"line":47,"column":4},"end":{"line":49,"column":null}},"22":{"start":{"line":48,"column":6},"end":{"line":48,"column":null}},"23":{"start":{"line":51,"column":4},"end":{"line":73,"column":null}},"24":{"start":{"line":52,"column":26},"end":{"line":52,"column":97}},"25":{"start":{"line":54,"column":6},"end":{"line":57,"column":null}},"26":{"start":{"line":56,"column":8},"end":{"line":56,"column":null}},"27":{"start":{"line":60,"column":6},"end":{"line":63,"column":null}},"28":{"start":{"line":65,"column":6},"end":{"line":65,"column":null}},"29":{"start":{"line":67,"column":6},"end":{"line":72,"column":null}},"30":{"start":{"line":69,"column":8},"end":{"line":71,"column":null}},"31":{"start":{"line":70,"column":10},"end":{"line":70,"column":null}},"32":{"start":{"line":81,"column":26},"end":{"line":105,"column":3}},"33":{"start":{"line":82,"column":4},"end":{"line":82,"column":null}},"34":{"start":{"line":82,"column":56},"end":{"line":82,"column":null}},"35":{"start":{"line":84,"column":21},"end":{"line":84,"column":82}},"36":{"start":{"line":84,"column":61},"end":{"line":84,"column":81}},"37":{"start":{"line":85,"column":4},"end":{"line":85,"column":null}},"38":{"start":{"line":85,"column":19},"end":{"line":85,"column":null}},"39":{"start":{"line":87,"column":22},"end":{"line":87,"column":40}},"40":{"start":{"line":88,"column":4},"end":{"line":88,"column":null}},"41":{"start":{"line":90,"column":4},"end":{"line":104,"column":null}},"42":{"start":{"line":91,"column":26},"end":{"line":91,"column":92}},"43":{"start":{"line":93,"column":6},"end":{"line":95,"column":null}},"44":{"start":{"line":94,"column":8},"end":{"line":94,"column":null}},"45":{"start":{"line":97,"column":6},"end":{"line":97,"column":null}},"46":{"start":{"line":99,"column":6},"end":{"line":99,"column":null}},"47":{"start":{"line":101,"column":6},"end":{"line":103,"column":null}},"48":{"start":{"line":102,"column":8},"end":{"line":102,"column":null}},"49":{"start":{"line":111,"column":24},"end":{"line":146,"column":3}},"50":{"start":{"line":112,"column":4},"end":{"line":112,"column":null}},"51":{"start":{"line":113,"column":4},"end":{"line":113,"column":null}},"52":{"start":{"line":115,"column":4},"end":{"line":145,"column":null}},"53":{"start":{"line":116,"column":6},"end":{"line":116,"column":null}},"54":{"start":{"line":118,"column":22},"end":{"line":118,"column":39}},"55":{"start":{"line":119,"column":6},"end":{"line":119,"column":null}},"56":{"start":{"line":121,"column":24},"end":{"line":121,"column":59}},"57":{"start":{"line":123,"column":6},"end":{"line":137,"column":null}},"58":{"start":{"line":124,"column":8},"end":{"line":124,"column":null}},"59":{"start":{"line":126,"column":28},"end":{"line":126,"column":75}},"60":{"start":{"line":127,"column":8},"end":{"line":136,"column":null}},"61":{"start":{"line":128,"column":10},"end":{"line":128,"column":null}},"62":{"start":{"line":130,"column":10},"end":{"line":135,"column":null}},"63":{"start":{"line":140,"column":6},"end":{"line":140,"column":null}},"64":{"start":{"line":142,"column":6},"end":{"line":142,"column":null}},"65":{"start":{"line":144,"column":6},"end":{"line":144,"column":null}},"66":{"start":{"line":152,"column":21},"end":{"line":163,"column":3}},"67":{"start":{"line":153,"column":4},"end":{"line":153,"column":null}},"68":{"start":{"line":153,"column":45},"end":{"line":153,"column":null}},"69":{"start":{"line":155,"column":4},"end":{"line":162,"column":null}},"70":{"start":{"line":156,"column":22},"end":{"line":156,"column":54}},"71":{"start":{"line":157,"column":6},"end":{"line":157,"column":null}},"72":{"start":{"line":159,"column":6},"end":{"line":159,"column":null}},"73":{"start":{"line":161,"column":6},"end":{"line":161,"column":null}},"74":{"start":{"line":168,"column":31},"end":{"line":196,"column":3}},"75":{"start":{"line":169,"column":4},"end":{"line":169,"column":null}},"76":{"start":{"line":169,"column":28},"end":{"line":169,"column":null}},"77":{"start":{"line":171,"column":4},"end":{"line":171,"column":null}},"78":{"start":{"line":172,"column":4},"end":{"line":195,"column":null}},"79":{"start":{"line":173,"column":22},"end":{"line":173,"column":54}},"80":{"start":{"line":174,"column":6},"end":{"line":174,"column":null}},"81":{"start":{"line":176,"column":26},"end":{"line":176,"column":73}},"82":{"start":{"line":177,"column":6},"end":{"line":186,"column":null}},"83":{"start":{"line":178,"column":8},"end":{"line":178,"column":null}},"84":{"start":{"line":180,"column":8},"end":{"line":185,"column":null}},"85":{"start":{"line":188,"column":6},"end":{"line":188,"column":null}},"86":{"start":{"line":190,"column":6},"end":{"line":190,"column":null}},"87":{"start":{"line":192,"column":6},"end":{"line":192,"column":null}},"88":{"start":{"line":194,"column":6},"end":{"line":194,"column":null}},"89":{"start":{"line":201,"column":24},"end":{"line":203,"column":3}},"90":{"start":{"line":202,"column":4},"end":{"line":202,"column":null}},"91":{"start":{"line":210,"column":30},"end":{"line":223,"column":3}},"92":{"start":{"line":211,"column":4},"end":{"line":211,"column":null}},"93":{"start":{"line":211,"column":56},"end":{"line":211,"column":null}},"94":{"start":{"line":213,"column":21},"end":{"line":213,"column":80}},"95":{"start":{"line":213,"column":60},"end":{"line":213,"column":79}},"96":{"start":{"line":214,"column":4},"end":{"line":222,"column":null}},"97":{"start":{"line":215,"column":6},"end":{"line":215,"column":null}},"98":{"start":{"line":216,"column":6},"end":{"line":216,"column":null}},"99":{"start":{"line":219,"column":6},"end":{"line":221,"column":null}},"100":{"start":{"line":220,"column":8},"end":{"line":220,"column":null}},"101":{"start":{"line":225,"column":2},"end":{"line":241,"column":null}}},"fnMap":{"0":{"name":"(anonymous_0)","decl":{"start":{"line":10,"column":64},"end":{"line":10,"column":65}},"loc":{"start":{"line":10,"column":70},"end":{"line":242,"column":1}},"line":10},"1":{"name":"(anonymous_1)","decl":{"start":{"line":25,"column":35},"end":{"line":25,"column":36}},"loc":{"start":{"line":25,"column":41},"end":{"line":27,"column":3}},"line":25},"2":{"name":"(anonymous_2)","decl":{"start":{"line":30,"column":36},"end":{"line":30,"column":37}},"loc":{"start":{"line":30,"column":42},"end":{"line":32,"column":3}},"line":30},"3":{"name":"(anonymous_3)","decl":{"start":{"line":40,"column":30},"end":{"line":40,"column":35}},"loc":{"start":{"line":40,"column":54},"end":{"line":74,"column":3}},"line":40},"4":{"name":"(anonymous_4)","decl":{"start":{"line":44,"column":64},"end":{"line":44,"column":66}},"loc":{"start":{"line":44,"column":70},"end":{"line":44,"column":90}},"line":44},"5":{"name":"(anonymous_5)","decl":{"start":{"line":47,"column":28},"end":{"line":47,"column":32}},"loc":{"start":{"line":47,"column":36},"end":{"line":49,"column":5}},"line":47},"6":{"name":"(anonymous_6)","decl":{"start":{"line":69,"column":32},"end":{"line":69,"column":36}},"loc":{"start":{"line":69,"column":40},"end":{"line":71,"column":9}},"line":69},"7":{"name":"(anonymous_7)","decl":{"start":{"line":81,"column":26},"end":{"line":81,"column":31}},"loc":{"start":{"line":81,"column":62},"end":{"line":105,"column":3}},"line":81},"8":{"name":"(anonymous_8)","decl":{"start":{"line":84,"column":55},"end":{"line":84,"column":57}},"loc":{"start":{"line":84,"column":61},"end":{"line":84,"column":81}},"line":84},"9":{"name":"(anonymous_9)","decl":{"start":{"line":111,"column":24},"end":{"line":111,"column":29}},"loc":{"start":{"line":111,"column":52},"end":{"line":146,"column":3}},"line":111},"10":{"name":"(anonymous_10)","decl":{"start":{"line":152,"column":21},"end":{"line":152,"column":26}},"loc":{"start":{"line":152,"column":50},"end":{"line":163,"column":3}},"line":152},"11":{"name":"(anonymous_11)","decl":{"start":{"line":168,"column":31},"end":{"line":168,"column":36}},"loc":{"start":{"line":168,"column":55},"end":{"line":196,"column":3}},"line":168},"12":{"name":"(anonymous_12)","decl":{"start":{"line":201,"column":24},"end":{"line":201,"column":25}},"loc":{"start":{"line":201,"column":33},"end":{"line":203,"column":3}},"line":201},"13":{"name":"(anonymous_13)","decl":{"start":{"line":210,"column":30},"end":{"line":210,"column":31}},"loc":{"start":{"line":210,"column":69},"end":{"line":223,"column":3}},"line":210},"14":{"name":"(anonymous_14)","decl":{"start":{"line":213,"column":55},"end":{"line":213,"column":56}},"loc":{"start":{"line":213,"column":60},"end":{"line":213,"column":79}},"line":213}},"branchMap":{"0":{"loc":{"start":{"line":26,"column":11},"end":{"line":26,"column":38}},"type":"binary-expr","locations":[{"start":{"line":26,"column":11},"end":{"line":26,"column":32}},{"start":{"line":26,"column":36},"end":{"line":26,"column":38}}],"line":26},"1":{"loc":{"start":{"line":40,"column":37},"end":{"line":40,"column":49}},"type":"default-arg","locations":[{"start":{"line":40,"column":47},"end":{"line":40,"column":49}}],"line":40},"2":{"loc":{"start":{"line":41,"column":4},"end":{"line":41,"column":null}},"type":"if","locations":[{"start":{"line":41,"column":4},"end":{"line":41,"column":null}},{"start":{},"end":{}}],"line":41},"3":{"loc":{"start":{"line":41,"column":8},"end":{"line":41,"column":54}},"type":"binary-expr","locations":[{"start":{"line":41,"column":8},"end":{"line":41,"column":21}},{"start":{"line":41,"column":25},"end":{"line":41,"column":54}}],"line":41},"4":{"loc":{"start":{"line":54,"column":6},"end":{"line":57,"column":null}},"type":"if","locations":[{"start":{"line":54,"column":6},"end":{"line":57,"column":null}},{"start":{},"end":{}}],"line":54},"5":{"loc":{"start":{"line":67,"column":6},"end":{"line":72,"column":null}},"type":"if","locations":[{"start":{"line":67,"column":6},"end":{"line":72,"column":null}},{"start":{},"end":{}}],"line":67},"6":{"loc":{"start":{"line":81,"column":45},"end":{"line":81,"column":57}},"type":"default-arg","locations":[{"start":{"line":81,"column":55},"end":{"line":81,"column":57}}],"line":81},"7":{"loc":{"start":{"line":82,"column":4},"end":{"line":82,"column":null}},"type":"if","locations":[{"start":{"line":82,"column":4},"end":{"line":82,"column":null}},{"start":{},"end":{}}],"line":82},"8":{"loc":{"start":{"line":82,"column":8},"end":{"line":82,"column":54}},"type":"binary-expr","locations":[{"start":{"line":82,"column":8},"end":{"line":82,"column":21}},{"start":{"line":82,"column":25},"end":{"line":82,"column":54}}],"line":82},"9":{"loc":{"start":{"line":85,"column":4},"end":{"line":85,"column":null}},"type":"if","locations":[{"start":{"line":85,"column":4},"end":{"line":85,"column":null}},{"start":{},"end":{}}],"line":85},"10":{"loc":{"start":{"line":93,"column":6},"end":{"line":95,"column":null}},"type":"if","locations":[{"start":{"line":93,"column":6},"end":{"line":95,"column":null}},{"start":{},"end":{}}],"line":93},"11":{"loc":{"start":{"line":101,"column":6},"end":{"line":103,"column":null}},"type":"if","locations":[{"start":{"line":101,"column":6},"end":{"line":103,"column":null}},{"start":{},"end":{}}],"line":101},"12":{"loc":{"start":{"line":111,"column":35},"end":{"line":111,"column":47}},"type":"default-arg","locations":[{"start":{"line":111,"column":45},"end":{"line":111,"column":47}}],"line":111},"13":{"loc":{"start":{"line":123,"column":6},"end":{"line":137,"column":null}},"type":"if","locations":[{"start":{"line":123,"column":6},"end":{"line":137,"column":null}},{"start":{"line":125,"column":13},"end":{"line":137,"column":null}}],"line":123},"14":{"loc":{"start":{"line":127,"column":8},"end":{"line":136,"column":null}},"type":"if","locations":[{"start":{"line":127,"column":8},"end":{"line":136,"column":null}},{"start":{"line":129,"column":15},"end":{"line":136,"column":null}}],"line":127},"15":{"loc":{"start":{"line":132,"column":23},"end":{"line":132,"column":69}},"type":"binary-expr","locations":[{"start":{"line":132,"column":23},"end":{"line":132,"column":63}},{"start":{"line":132,"column":67},"end":{"line":132,"column":69}}],"line":132},"16":{"loc":{"start":{"line":152,"column":28},"end":{"line":152,"column":45}},"type":"default-arg","locations":[{"start":{"line":152,"column":40},"end":{"line":152,"column":45}}],"line":152},"17":{"loc":{"start":{"line":153,"column":4},"end":{"line":153,"column":null}},"type":"if","locations":[{"start":{"line":153,"column":4},"end":{"line":153,"column":null}},{"start":{},"end":{}}],"line":153},"18":{"loc":{"start":{"line":153,"column":8},"end":{"line":153,"column":43}},"type":"binary-expr","locations":[{"start":{"line":153,"column":8},"end":{"line":153,"column":26}},{"start":{"line":153,"column":30},"end":{"line":153,"column":43}}],"line":153},"19":{"loc":{"start":{"line":168,"column":38},"end":{"line":168,"column":50}},"type":"default-arg","locations":[{"start":{"line":168,"column":48},"end":{"line":168,"column":50}}],"line":168},"20":{"loc":{"start":{"line":169,"column":4},"end":{"line":169,"column":null}},"type":"if","locations":[{"start":{"line":169,"column":4},"end":{"line":169,"column":null}},{"start":{},"end":{}}],"line":169},"21":{"loc":{"start":{"line":177,"column":6},"end":{"line":186,"column":null}},"type":"if","locations":[{"start":{"line":177,"column":6},"end":{"line":186,"column":null}},{"start":{"line":179,"column":13},"end":{"line":186,"column":null}}],"line":177},"22":{"loc":{"start":{"line":182,"column":21},"end":{"line":182,"column":67}},"type":"binary-expr","locations":[{"start":{"line":182,"column":21},"end":{"line":182,"column":61}},{"start":{"line":182,"column":65},"end":{"line":182,"column":67}}],"line":182},"23":{"loc":{"start":{"line":210,"column":52},"end":{"line":210,"column":64}},"type":"default-arg","locations":[{"start":{"line":210,"column":62},"end":{"line":210,"column":64}}],"line":210},"24":{"loc":{"start":{"line":211,"column":4},"end":{"line":211,"column":null}},"type":"if","locations":[{"start":{"line":211,"column":4},"end":{"line":211,"column":null}},{"start":{},"end":{}}],"line":211},"25":{"loc":{"start":{"line":211,"column":8},"end":{"line":211,"column":54}},"type":"binary-expr","locations":[{"start":{"line":211,"column":8},"end":{"line":211,"column":21}},{"start":{"line":211,"column":25},"end":{"line":211,"column":54}}],"line":211},"26":{"loc":{"start":{"line":214,"column":4},"end":{"line":222,"column":null}},"type":"if","locations":[{"start":{"line":214,"column":4},"end":{"line":222,"column":null}},{"start":{},"end":{}}],"line":214},"27":{"loc":{"start":{"line":219,"column":6},"end":{"line":221,"column":null}},"type":"if","locations":[{"start":{"line":219,"column":6},"end":{"line":221,"column":null}},{"start":{},"end":{}}],"line":219}},"s":{"0":14,"1":35,"2":35,"3":35,"4":35,"5":35,"6":35,"7":35,"8":35,"9":35,"10":35,"11":2,"12":35,"13":2,"14":35,"15":35,"16":22,"17":0,"18":22,"19":22,"20":5,"21":22,"22":5,"23":22,"24":22,"25":22,"26":1,"27":21,"28":0,"29":22,"30":21,"31":4,"32":35,"33":9,"34":6,"35":3,"36":3,"37":3,"38":0,"39":3,"40":3,"41":3,"42":3,"43":2,"44":0,"45":2,"46":1,"47":3,"48":3,"49":35,"50":13,"51":13,"52":13,"53":13,"54":13,"55":13,"56":13,"57":13,"58":0,"59":13,"60":13,"61":0,"62":13,"63":13,"64":0,"65":13,"66":35,"67":7,"68":1,"69":6,"70":6,"71":6,"72":6,"73":0,"74":35,"75":3,"76":0,"77":3,"78":3,"79":3,"80":3,"81":3,"82":3,"83":1,"84":2,"85":3,"86":3,"87":0,"88":3,"89":35,"90":3,"91":35,"92":2,"93":0,"94":2,"95":1,"96":2,"97":1,"98":1,"99":1,"100":1,"101":35},"f":{"0":35,"1":2,"2":2,"3":22,"4":5,"5":5,"6":4,"7":9,"8":3,"9":13,"10":7,"11":3,"12":3,"13":2,"14":1},"b":{"0":[2,0],"1":[22],"2":[0,22],"3":[22,22],"4":[1,21],"5":[21,1],"6":[9],"7":[6,3],"8":[9,3],"9":[0,3],"10":[0,2],"11":[3,0],"12":[13],"13":[0,13],"14":[0,13],"15":[13,11],"16":[7],"17":[1,6],"18":[7,6],"19":[3],"20":[0,3],"21":[1,2],"22":[2,1],"23":[2],"24":[0,2],"25":[2,2],"26":[1,1],"27":[1,0]},"meta":{"lastBranch":28,"lastFunction":15,"lastStatement":102,"seen":{"s:10:33:242:2":0,"f:10:64:10:65":0,"s:11:23:11:46":1,"s:12:20:12:34":2,"s:14:22:14:29":3,"s:15:22:15:29":4,"s:16:21:16:31":5,"s:17:17:17:26":6,"s:18:18:18:28":7,"s:21:24:21:31":8,"s:22:30:22:37":9,"s:25:26:27:4":10,"f:25:35:25:36":1,"s:26:4:26:Infinity":11,"b:26:11:26:32:26:36:26:38":0,"s:30:27:32:4":12,"f:30:36:30:37":2,"s:31:4:31:Infinity":13,"s:34:25:34:26":14,"s:40:30:74:3":15,"f:40:30:40:35":3,"b:40:47:40:49":1,"b:41:4:41:Infinity:undefined:undefined:undefined:undefined":2,"s:41:4:41:Infinity":16,"b:41:8:41:21:41:25:41:54":3,"s:41:56:41:Infinity":17,"s:43:22:43:40":18,"s:44:28:44:91":19,"f:44:64:44:66":4,"s:44:70:44:90":20,"s:47:4:49:Infinity":21,"f:47:28:47:32":5,"s:48:6:48:Infinity":22,"s:51:4:73:Infinity":23,"s:52:26:52:97":24,"b:54:6:57:Infinity:undefined:undefined:undefined:undefined":4,"s:54:6:57:Infinity":25,"s:56:8:56:Infinity":26,"s:60:6:63:Infinity":27,"s:65:6:65:Infinity":28,"b:67:6:72:Infinity:undefined:undefined:undefined:undefined":5,"s:67:6:72:Infinity":29,"s:69:8:71:Infinity":30,"f:69:32:69:36":6,"s:70:10:70:Infinity":31,"s:81:26:105:3":32,"f:81:26:81:31":7,"b:81:55:81:57":6,"b:82:4:82:Infinity:undefined:undefined:undefined:undefined":7,"s:82:4:82:Infinity":33,"b:82:8:82:21:82:25:82:54":8,"s:82:56:82:Infinity":34,"s:84:21:84:82":35,"f:84:55:84:57":8,"s:84:61:84:81":36,"b:85:4:85:Infinity:undefined:undefined:undefined:undefined":9,"s:85:4:85:Infinity":37,"s:85:19:85:Infinity":38,"s:87:22:87:40":39,"s:88:4:88:Infinity":40,"s:90:4:104:Infinity":41,"s:91:26:91:92":42,"b:93:6:95:Infinity:undefined:undefined:undefined:undefined":10,"s:93:6:95:Infinity":43,"s:94:8:94:Infinity":44,"s:97:6:97:Infinity":45,"s:99:6:99:Infinity":46,"b:101:6:103:Infinity:undefined:undefined:undefined:undefined":11,"s:101:6:103:Infinity":47,"s:102:8:102:Infinity":48,"s:111:24:146:3":49,"f:111:24:111:29":9,"b:111:45:111:47":12,"s:112:4:112:Infinity":50,"s:113:4:113:Infinity":51,"s:115:4:145:Infinity":52,"s:116:6:116:Infinity":53,"s:118:22:118:39":54,"s:119:6:119:Infinity":55,"s:121:24:121:59":56,"b:123:6:137:Infinity:125:13:137:Infinity":13,"s:123:6:137:Infinity":57,"s:124:8:124:Infinity":58,"s:126:28:126:75":59,"b:127:8:136:Infinity:129:15:136:Infinity":14,"s:127:8:136:Infinity":60,"s:128:10:128:Infinity":61,"s:130:10:135:Infinity":62,"b:132:23:132:63:132:67:132:69":15,"s:140:6:140:Infinity":63,"s:142:6:142:Infinity":64,"s:144:6:144:Infinity":65,"s:152:21:163:3":66,"f:152:21:152:26":10,"b:152:40:152:45":16,"b:153:4:153:Infinity:undefined:undefined:undefined:undefined":17,"s:153:4:153:Infinity":67,"b:153:8:153:26:153:30:153:43":18,"s:153:45:153:Infinity":68,"s:155:4:162:Infinity":69,"s:156:22:156:54":70,"s:157:6:157:Infinity":71,"s:159:6:159:Infinity":72,"s:161:6:161:Infinity":73,"s:168:31:196:3":74,"f:168:31:168:36":11,"b:168:48:168:50":19,"b:169:4:169:Infinity:undefined:undefined:undefined:undefined":20,"s:169:4:169:Infinity":75,"s:169:28:169:Infinity":76,"s:171:4:171:Infinity":77,"s:172:4:195:Infinity":78,"s:173:22:173:54":79,"s:174:6:174:Infinity":80,"s:176:26:176:73":81,"b:177:6:186:Infinity:179:13:186:Infinity":21,"s:177:6:186:Infinity":82,"s:178:8:178:Infinity":83,"s:180:8:185:Infinity":84,"b:182:21:182:61:182:65:182:67":22,"s:188:6:188:Infinity":85,"s:190:6:190:Infinity":86,"s:192:6:192:Infinity":87,"s:194:6:194:Infinity":88,"s:201:24:203:3":89,"f:201:24:201:25":12,"s:202:4:202:Infinity":90,"s:210:30:223:3":91,"f:210:30:210:31":13,"b:210:62:210:64":23,"b:211:4:211:Infinity:undefined:undefined:undefined:undefined":24,"s:211:4:211:Infinity":92,"b:211:8:211:21:211:25:211:54":25,"s:211:56:211:Infinity":93,"s:213:21:213:80":94,"f:213:55:213:56":14,"s:213:60:213:79":95,"b:214:4:222:Infinity:undefined:undefined:undefined:undefined":26,"s:214:4:222:Infinity":96,"s:215:6:215:Infinity":97,"s:216:6:216:Infinity":98,"b:219:6:221:Infinity:undefined:undefined:undefined:undefined":27,"s:219:6:221:Infinity":99,"s:220:8:220:Infinity":100,"s:225:2:241:Infinity":101},"fnNames":{}}}
}
